TN:
SF:C:\Users\juiveli\Documents\Koulu\Ohjelmointi\SOftware testing\SoftwareTesting\node_modules\mocha\lib\cli\index.js
FNF:0
FNH:0
DA:3,1
LF:1
LH:1
BRF:0
BRH:0
end_of_record
TN:
SF:C:\Users\juiveli\Documents\Koulu\Ohjelmointi\SOftware testing\SoftwareTesting\node_modules\mocha\lib\cli\cli.js
FNF:0
FNH:0
DA:13,1
DA:14,1
DA:15,1
DA:16,1
DA:17,1
DA:23,1
DA:24,1
DA:25,1
DA:26,1
DA:27,1
DA:38,1
DA:39,1
DA:41,1
DA:42,1
DA:45,1
DA:47,1
DA:49,1
DA:59,0
DA:60,0
DA:61,0
DA:62,0
DA:81,1
DA:82,1
DA:83,1
DA:84,1
DA:87,1
DA:88,0
LF:27
LH:22
BRDA:41,1,0,1
BRDA:41,1,1,0
BRDA:47,2,0,1
BRDA:47,2,1,1
BRDA:68,3,0,1
BRDA:68,3,1,0
BRDA:87,4,0,0
BRDA:87,4,1,1
BRF:8
BRH:5
end_of_record
TN:
SF:C:\Users\juiveli\Documents\Koulu\Ohjelmointi\SOftware testing\SoftwareTesting\node_modules\debug\src\index.js
FNF:0
FNH:0
DA:6,1
DA:7,0
DA:9,1
LF:3
LH:2
BRDA:6,1,0,0
BRDA:6,1,1,1
BRDA:6,2,0,1
BRDA:6,2,1,1
BRDA:6,2,2,1
BRDA:6,2,3,1
BRF:6
BRH:5
end_of_record
TN:
SF:C:\Users\juiveli\Documents\Koulu\Ohjelmointi\SOftware testing\SoftwareTesting\node_modules\debug\src\node.js
FN:155,useColors
FN:167,formatArgs
FN:182,getDate
FN:193,log
FN:203,save
FN:220,load
FN:231,init
FN:248,(anonymous_8)
FN:260,(anonymous_9)
FNF:9
FNH:4
FNDA:13,useColors
FNDA:0,formatArgs
FNDA:0,getDate
FNDA:0,log
FNDA:1,save
FNDA:1,load
FNDA:13,init
FNDA:0,(anonymous_8)
FNDA:0,(anonymous_9)
DA:5,1
DA:6,1
DA:12,1
DA:13,1
DA:14,1
DA:15,1
DA:16,1
DA:17,1
DA:18,1
DA:27,1
DA:29,1
DA:32,1
DA:34,1
DA:35,1
DA:124,1
DA:125,77
DA:128,0
DA:132,0
DA:136,0
DA:137,0
DA:138,0
DA:139,0
DA:140,0
DA:141,0
DA:142,0
DA:144,0
DA:147,0
DA:148,0
DA:155,1
DA:156,13
DA:167,1
DA:168,0
DA:170,0
DA:171,0
DA:172,0
DA:173,0
DA:175,0
DA:176,0
DA:178,0
DA:182,1
DA:183,0
DA:184,0
DA:186,0
DA:193,1
DA:194,0
DA:203,1
DA:204,1
DA:205,0
DA:209,1
DA:220,1
DA:221,1
DA:231,1
DA:232,13
DA:234,13
DA:235,13
DA:236,0
DA:240,1
DA:242,1
DA:248,1
DA:249,0
DA:250,0
DA:252,0
DA:260,1
DA:261,0
DA:262,0
LF:65
LH:34
BRDA:34,1,0,1
BRDA:34,1,1,0
BRDA:34,2,0,1
BRDA:34,2,1,1
BRDA:34,3,0,1
BRDA:34,3,1,0
BRDA:137,4,0,0
BRDA:137,4,1,0
BRDA:139,5,0,0
BRDA:139,5,1,0
BRDA:141,6,0,0
BRDA:141,6,1,0
BRDA:156,7,0,0
BRDA:156,7,1,13
BRDA:170,8,0,0
BRDA:170,8,1,0
BRDA:172,9,0,0
BRDA:172,9,1,0
BRDA:183,10,0,0
BRDA:183,10,1,0
BRDA:204,11,0,0
BRDA:204,11,1,1
BRF:22
BRH:6
end_of_record
TN:
SF:C:\Users\juiveli\Documents\Koulu\Ohjelmointi\SOftware testing\SoftwareTesting\node_modules\has-flag\index.js
FNF:0
FNH:0
DA:3,1
DA:4,32
DA:5,32
DA:6,32
DA:7,32
LF:5
LH:5
BRDA:4,1,0,0
BRDA:4,1,1,32
BRDA:4,2,0,0
BRDA:4,2,1,32
BRDA:7,3,0,32
BRDA:7,3,1,0
BRDA:7,3,2,0
BRF:7
BRH:3
end_of_record
TN:
SF:C:\Users\juiveli\Documents\Koulu\Ohjelmointi\SOftware testing\SoftwareTesting\node_modules\debug\src\common.js
FN:7,setup
FN:41,selectColor
FN:60,createDebug
FN:66,debug
FN:149,extend
FN:162,enable
FN:195,disable
FN:211,enabled
FN:241,toNamespace
FN:254,coerce
FN:265,destroy
FNF:11
FNH:5
FNDA:1,setup
FNDA:13,selectColor
FNDA:13,createDebug
FNDA:655,debug
FNDA:0,extend
FNDA:1,enable
FNDA:0,disable
FNDA:0,enabled
FNDA:0,toNamespace
FNDA:0,coerce
FNDA:0,destroy
DA:7,1
DA:8,1
DA:9,1
DA:10,1
DA:11,1
DA:12,1
DA:13,1
DA:14,1
DA:15,1
DA:17,1
DA:18,9
DA:25,1
DA:26,1
DA:33,1
DA:41,1
DA:42,13
DA:44,13
DA:45,205
DA:46,205
DA:49,13
DA:51,1
DA:60,1
DA:61,13
DA:62,13
DA:63,13
DA:64,13
DA:66,1
DA:68,655
DA:69,655
DA:72,0
DA:75,0
DA:76,0
DA:77,0
DA:78,0
DA:79,0
DA:80,0
DA:82,0
DA:84,0
DA:86,0
DA:90,0
DA:91,0
DA:93,0
DA:94,0
DA:96,0
DA:97,0
DA:98,0
DA:99,0
DA:100,0
DA:103,0
DA:104,0
DA:106,0
DA:110,0
DA:112,0
DA:113,0
DA:116,13
DA:117,13
DA:118,13
DA:119,13
DA:120,13
DA:122,13
DA:126,655
DA:127,0
DA:129,655
DA:130,0
DA:131,0
DA:134,655
DA:137,0
DA:142,13
DA:143,13
DA:146,13
DA:149,1
DA:150,0
DA:151,0
DA:152,0
DA:162,1
DA:163,1
DA:164,1
DA:166,1
DA:167,1
DA:169,1
DA:170,1
DA:171,1
DA:173,1
DA:174,1
DA:176,1
DA:179,0
DA:181,0
DA:182,0
DA:184,0
DA:195,1
DA:196,0
DA:198,0
DA:200,0
DA:201,0
DA:211,1
DA:212,0
DA:213,0
DA:216,0
DA:217,0
DA:219,0
DA:220,0
DA:221,0
DA:225,0
DA:226,0
DA:227,0
DA:231,0
DA:241,1
DA:242,0
DA:254,1
DA:255,0
DA:256,0
DA:258,0
DA:265,1
DA:266,0
DA:269,1
DA:271,1
DA:274,1
LF:117
LH:61
BRDA:68,1,0,655
BRDA:68,1,1,0
BRDA:76,2,0,0
BRDA:76,2,1,0
BRDA:84,3,0,0
BRDA:84,3,1,0
BRDA:93,4,0,0
BRDA:93,4,1,0
BRDA:98,5,0,0
BRDA:98,5,1,0
BRDA:112,6,0,0
BRDA:112,6,1,0
BRDA:126,7,0,0
BRDA:126,7,1,655
BRDA:129,8,0,0
BRDA:129,8,1,655
BRDA:142,9,0,13
BRDA:142,9,1,0
BRDA:150,10,0,0
BRDA:150,10,1,0
BRDA:170,11,0,0
BRDA:170,11,1,1
BRDA:174,12,0,1
BRDA:174,12,1,0
BRDA:181,13,0,0
BRDA:181,13,1,0
BRDA:212,14,0,0
BRDA:212,14,1,0
BRDA:220,15,0,0
BRDA:220,15,1,0
BRDA:226,16,0,0
BRDA:226,16,1,0
BRDA:255,17,0,0
BRDA:255,17,1,0
BRDA:256,18,0,0
BRDA:256,18,1,0
BRF:36
BRH:6
end_of_record
TN:
SF:C:\Users\juiveli\Documents\Koulu\Ohjelmointi\SOftware testing\SoftwareTesting\node_modules\debug\node_modules\ms\index.js
FN:26,(anonymous_1)
FN:48,parse
FN:113,fmtShort
FN:138,fmtLong
FN:159,plural
FNF:5
FNH:0
FNDA:0,(anonymous_1)
FNDA:0,parse
FNDA:0,fmtShort
FNDA:0,fmtLong
FNDA:0,plural
DA:5,1
DA:6,1
DA:7,1
DA:8,1
DA:9,1
DA:10,1
DA:26,1
DA:27,0
DA:28,0
DA:29,0
DA:30,0
DA:31,0
DA:32,0
DA:34,0
DA:48,1
DA:49,0
DA:50,0
DA:51,0
DA:53,0
DA:56,0
DA:57,0
DA:59,0
DA:60,0
DA:61,0
DA:67,0
DA:71,0
DA:75,0
DA:81,0
DA:87,0
DA:93,0
DA:99,0
DA:101,0
DA:113,1
DA:114,0
DA:115,0
DA:116,0
DA:118,0
DA:119,0
DA:121,0
DA:122,0
DA:124,0
DA:125,0
DA:127,0
DA:138,1
DA:139,0
DA:140,0
DA:141,0
DA:143,0
DA:144,0
DA:146,0
DA:147,0
DA:149,0
DA:150,0
DA:152,0
DA:159,1
DA:160,0
DA:161,0
LF:57
LH:11
BRDA:27,1,0,0
BRDA:27,1,1,0
BRDA:29,2,0,0
BRDA:29,2,1,0
BRDA:29,3,0,0
BRDA:29,3,1,0
BRDA:31,4,0,0
BRDA:31,4,1,0
BRDA:31,5,0,0
BRDA:31,5,1,0
BRDA:32,6,0,0
BRDA:32,6,1,0
BRDA:50,7,0,0
BRDA:50,7,1,0
BRDA:56,8,0,0
BRDA:56,8,1,0
BRDA:60,9,0,0
BRDA:60,9,1,0
BRDA:61,10,0,0
BRDA:61,10,1,0
BRDA:61,10,2,0
BRDA:61,10,3,0
BRDA:61,10,4,0
BRDA:61,10,5,0
BRDA:61,10,6,0
BRDA:61,10,7,0
BRDA:61,10,8,0
BRDA:61,10,9,0
BRDA:61,10,10,0
BRDA:61,10,11,0
BRDA:61,10,12,0
BRDA:61,10,13,0
BRDA:61,10,14,0
BRDA:61,10,15,0
BRDA:61,10,16,0
BRDA:61,10,17,0
BRDA:61,10,18,0
BRDA:61,10,19,0
BRDA:61,10,20,0
BRDA:61,10,21,0
BRDA:61,10,22,0
BRDA:61,10,23,0
BRDA:61,10,24,0
BRDA:61,10,25,0
BRDA:61,10,26,0
BRDA:61,10,27,0
BRDA:61,10,28,0
BRDA:61,10,29,0
BRDA:61,10,30,0
BRDA:61,10,31,0
BRDA:115,11,0,0
BRDA:115,11,1,0
BRDA:118,12,0,0
BRDA:118,12,1,0
BRDA:121,13,0,0
BRDA:121,13,1,0
BRDA:124,14,0,0
BRDA:124,14,1,0
BRDA:140,15,0,0
BRDA:140,15,1,0
BRDA:143,16,0,0
BRDA:143,16,1,0
BRDA:146,17,0,0
BRDA:146,17,1,0
BRDA:149,18,0,0
BRDA:149,18,1,0
BRDA:161,19,0,0
BRDA:161,19,1,0
BRF:68
BRH:0
end_of_record
TN:
SF:C:\Users\juiveli\Documents\Koulu\Ohjelmointi\SOftware testing\SoftwareTesting\node_modules\log-symbols\index.js
FNF:0
FNH:0
DA:2,1
DA:3,1
DA:5,1
DA:12,1
DA:19,1
LF:5
LH:5
BRDA:19,1,0,0
BRDA:19,1,1,1
BRF:2
BRH:1
end_of_record
TN:
SF:C:\Users\juiveli\Documents\Koulu\Ohjelmointi\SOftware testing\SoftwareTesting\node_modules\ansi-styles\index.js
FN:61,assembleStyles
FNF:1
FNH:1
FNDA:6,assembleStyles
DA:3,1
DA:4,0
DA:5,0
DA:8,1
DA:9,0
DA:10,0
DA:13,1
DA:14,0
DA:15,0
DA:18,1
DA:19,1
DA:21,1
DA:22,36
DA:24,0
DA:26,0
DA:32,0
DA:40,1
DA:41,1
DA:42,0
DA:43,0
DA:46,0
DA:47,0
DA:49,0
DA:50,0
DA:51,0
DA:52,0
DA:53,0
DA:54,0
DA:58,0
DA:61,1
DA:62,6
DA:63,6
DA:118,6
DA:119,6
DA:120,6
DA:121,6
DA:123,6
DA:124,18
DA:125,264
DA:130,264
DA:132,264
DA:135,18
DA:141,6
DA:146,6
DA:147,6
DA:149,6
DA:150,6
DA:151,6
DA:152,6
DA:153,6
DA:154,6
DA:156,6
DA:160,1
LF:53
LH:33
BRDA:42,1,0,0
BRDA:42,1,1,0
BRDA:46,2,0,0
BRDA:46,2,1,0
BRDA:50,3,0,0
BRDA:50,3,1,0
BRDA:51,4,0,0
BRDA:51,4,1,0
BRDA:53,5,0,0
BRDA:53,5,1,0
BRF:10
BRH:0
end_of_record
TN:
SF:C:\Users\juiveli\Documents\Koulu\Ohjelmointi\SOftware testing\SoftwareTesting\node_modules\chalk\node_modules\supports-color\index.js
FN:31,translateLevel
FN:44,supportsColor
FN:126,getSupportLevel
FNF:3
FNH:2
FNDA:2,translateLevel
FNDA:2,supportsColor
FNDA:0,getSupportLevel
DA:2,1
DA:3,1
DA:4,1
DA:6,1
DA:8,1
DA:9,1
DA:13,0
DA:14,1
DA:18,0
DA:21,1
DA:22,0
DA:23,0
DA:24,0
DA:25,0
DA:27,0
DA:31,1
DA:32,2
DA:33,0
DA:36,2
DA:44,1
DA:45,2
DA:46,0
DA:49,2
DA:52,0
DA:55,2
DA:56,0
DA:59,2
DA:60,0
DA:63,2
DA:65,2
DA:66,0
DA:69,2
DA:72,2
DA:73,2
DA:77,2
DA:80,0
DA:83,0
DA:84,0
DA:85,0
DA:88,0
DA:91,0
DA:92,0
DA:95,0
DA:96,0
DA:99,0
DA:100,0
DA:102,0
DA:104,0
DA:106,0
DA:111,0
DA:112,0
DA:115,0
DA:116,0
DA:119,0
DA:120,0
DA:123,0
DA:126,1
DA:127,0
DA:128,0
DA:131,1
LF:60
LH:24
BRDA:9,1,0,0
BRDA:9,1,1,1
BRDA:9,2,0,1
BRDA:9,2,1,1
BRDA:9,2,2,1
BRDA:9,2,3,1
BRDA:14,3,0,0
BRDA:14,3,1,1
BRDA:14,4,0,1
BRDA:14,4,1,1
BRDA:14,4,2,1
BRDA:14,4,3,1
BRDA:21,5,0,0
BRDA:21,5,1,1
BRDA:22,6,0,0
BRDA:22,6,1,0
BRDA:24,7,0,0
BRDA:24,7,1,0
BRDA:27,8,0,0
BRDA:27,8,1,0
BRDA:32,9,0,0
BRDA:32,9,1,2
BRDA:45,10,0,0
BRDA:45,10,1,2
BRDA:49,11,0,0
BRDA:49,11,1,2
BRDA:49,12,0,2
BRDA:49,12,1,2
BRDA:49,12,2,2
BRDA:55,13,0,0
BRDA:55,13,1,2
BRDA:59,14,0,0
BRDA:59,14,1,2
BRDA:59,15,0,2
BRDA:59,15,1,2
BRDA:59,15,2,0
BRDA:63,16,0,2
BRDA:63,16,1,2
BRDA:65,17,0,0
BRDA:65,17,1,2
BRDA:69,18,0,2
BRDA:69,18,1,0
BRDA:73,19,0,2
BRDA:73,19,1,0
BRDA:74,20,0,2
BRDA:74,20,1,2
BRDA:77,21,0,2
BRDA:77,21,1,0
BRDA:83,22,0,0
BRDA:83,22,1,0
BRDA:84,23,0,0
BRDA:84,23,1,0
BRDA:84,24,0,0
BRDA:84,24,1,0
BRDA:91,25,0,0
BRDA:91,25,1,0
BRDA:92,26,0,0
BRDA:92,26,1,0
BRDA:95,27,0,0
BRDA:95,27,1,0
BRDA:99,28,0,0
BRDA:99,28,1,0
BRDA:100,29,0,0
BRDA:100,29,1,0
BRDA:102,30,0,0
BRDA:102,30,1,0
BRDA:104,31,0,0
BRDA:104,31,1,0
BRDA:111,32,0,0
BRDA:111,32,1,0
BRDA:115,33,0,0
BRDA:115,33,1,0
BRDA:119,34,0,0
BRDA:119,34,1,0
BRDA:127,35,0,0
BRDA:127,35,1,0
BRF:76
BRH:29
end_of_record
TN:
SF:C:\Users\juiveli\Documents\Koulu\Ohjelmointi\SOftware testing\SoftwareTesting\node_modules\chalk\source\util.js
FNF:0
FNH:0
DA:3,1
DA:4,0
DA:5,0
DA:6,0
DA:9,0
DA:10,0
DA:11,0
DA:12,0
DA:13,0
DA:14,0
DA:15,0
DA:18,0
DA:19,0
DA:22,1
DA:23,0
DA:24,0
DA:25,0
DA:26,0
DA:27,0
DA:28,0
DA:29,0
DA:32,0
DA:33,0
DA:36,1
LF:24
LH:3
BRDA:5,1,0,0
BRDA:5,1,1,0
BRDA:27,2,0,0
BRDA:27,2,1,0
BRDA:27,3,0,0
BRDA:27,3,1,0
BRF:6
BRH:0
end_of_record
TN:
SF:C:\Users\juiveli\Documents\Koulu\Ohjelmointi\SOftware testing\SoftwareTesting\node_modules\is-unicode-supported\index.js
FNF:0
FNH:0
DA:3,1
DA:4,1
DA:5,0
DA:8,1
LF:4
LH:3
BRDA:4,1,0,0
BRDA:4,1,1,1
BRDA:8,2,0,1
BRDA:8,2,1,1
BRDA:8,2,2,1
BRDA:8,2,3,1
BRDA:8,2,4,1
BRF:7
BRH:6
end_of_record
TN:
SF:C:\Users\juiveli\Documents\Koulu\Ohjelmointi\SOftware testing\SoftwareTesting\node_modules\string-width\index.js
FNF:0
FNH:0
DA:2,1
DA:3,1
DA:4,1
DA:6,1
DA:7,2003
DA:8,183
DA:11,1820
DA:13,1820
DA:14,0
DA:17,1820
DA:19,1820
DA:21,1820
DA:22,33302
DA:25,33302
DA:26,0
DA:30,33302
DA:31,0
DA:35,33302
DA:36,0
DA:39,33302
DA:42,1820
DA:45,1
DA:47,1
LF:23
LH:19
BRDA:7,1,0,183
BRDA:7,1,1,1820
BRDA:7,2,0,2003
BRDA:7,2,1,2003
BRDA:13,3,0,0
BRDA:13,3,1,1820
BRDA:25,4,0,0
BRDA:25,4,1,33302
BRDA:25,5,0,33302
BRDA:25,5,1,33302
BRDA:25,5,2,0
BRDA:30,6,0,0
BRDA:30,6,1,33302
BRDA:30,7,0,33302
BRDA:30,7,1,0
BRDA:35,8,0,0
BRDA:35,8,1,33302
BRDA:39,9,0,0
BRDA:39,9,1,33302
BRF:19
BRH:12
end_of_record
TN:
SF:C:\Users\juiveli\Documents\Koulu\Ohjelmointi\SOftware testing\SoftwareTesting\node_modules\strip-ansi\index.js
FNF:0
FNH:0
DA:2,1
DA:4,1880
LF:2
LH:2
BRDA:4,1,0,1880
BRDA:4,1,1,0
BRF:2
BRH:1
end_of_record
TN:
SF:C:\Users\juiveli\Documents\Koulu\Ohjelmointi\SOftware testing\SoftwareTesting\node_modules\ansi-regex\index.js
FNF:0
FNH:0
DA:3,1
DA:4,1880
DA:9,1880
LF:3
LH:3
BRDA:9,1,0,0
BRDA:9,1,1,1880
BRF:2
BRH:1
end_of_record
TN:
SF:C:\Users\juiveli\Documents\Koulu\Ohjelmointi\SOftware testing\SoftwareTesting\node_modules\is-fullwidth-code-point\index.js
FNF:0
FNH:0
DA:4,1
DA:5,33302
DA:6,0
DA:11,33302
DA:43,0
DA:46,33302
DA:49,1
DA:50,1
LF:8
LH:6
BRDA:5,1,0,0
BRDA:5,1,1,33302
BRDA:11,2,0,0
BRDA:11,2,1,33302
BRDA:12,3,0,33302
BRDA:12,3,1,0
BRDA:12,3,2,0
BRDA:12,3,3,0
BRDA:12,3,4,0
BRDA:12,3,5,0
BRDA:12,3,6,0
BRDA:12,3,7,0
BRDA:12,3,8,0
BRDA:12,3,9,0
BRDA:12,3,10,0
BRDA:12,3,11,0
BRDA:12,3,12,0
BRDA:12,3,13,0
BRDA:12,3,14,0
BRDA:12,3,15,0
BRDA:12,3,16,0
BRDA:12,3,17,0
BRDA:12,3,18,0
BRDA:12,3,19,0
BRDA:12,3,20,0
BRDA:12,3,21,0
BRDA:12,3,22,0
BRDA:12,3,23,0
BRDA:12,3,24,0
BRDA:12,3,25,0
BRDA:12,3,26,0
BRDA:12,3,27,0
BRDA:12,3,28,0
BRDA:12,3,29,0
BRDA:12,3,30,0
BRF:35
BRH:3
end_of_record
TN:
SF:C:\Users\juiveli\Documents\Koulu\Ohjelmointi\SOftware testing\SoftwareTesting\node_modules\emoji-regex\index.js
FN:3,(anonymous_1)
FNF:1
FNH:1
FNDA:1820,(anonymous_1)
DA:3,1
DA:5,1820
LF:2
LH:2
BRF:0
BRH:0
end_of_record
TN:
SF:C:\Users\juiveli\Documents\Koulu\Ohjelmointi\SOftware testing\SoftwareTesting\node_modules\wrap-ansi\index.js
FNF:0
FNH:0
DA:2,1
DA:3,1
DA:4,1
DA:6,1
DA:11,1
DA:13,1
DA:14,1
DA:15,1
DA:16,1
DA:17,1
DA:19,1
DA:20,1
DA:24,420
DA:28,1
DA:29,0
DA:31,0
DA:32,0
DA:33,0
DA:35,0
DA:36,0
DA:38,0
DA:39,0
DA:41,0
DA:42,0
DA:45,0
DA:46,0
DA:47,0
DA:50,0
DA:51,0
DA:52,0
DA:53,0
DA:54,0
DA:56,0
DA:57,0
DA:60,0
DA:63,0
DA:65,0
DA:66,0
DA:67,0
DA:73,0
DA:74,0
DA:79,1
DA:80,148
DA:81,148
DA:83,148
DA:84,155
DA:85,148
DA:88,7
DA:91,148
DA:92,141
DA:95,7
DA:103,1
DA:104,149
DA:105,8
DA:108,141
DA:109,141
DA:110,141
DA:112,141
DA:113,141
DA:115,141
DA:116,420
DA:117,420
DA:120,420
DA:122,420
DA:123,279
DA:125,0
DA:126,0
DA:129,279
DA:130,279
DA:131,279
DA:136,420
DA:137,0
DA:138,0
DA:139,0
DA:140,0
DA:141,0
DA:144,0
DA:145,0
DA:148,420
DA:149,7
DA:150,0
DA:151,0
DA:154,7
DA:157,420
DA:158,0
DA:159,0
DA:162,420
DA:165,141
DA:166,141
DA:169,141
DA:171,141
DA:172,2928
DA:174,2928
DA:175,0
DA:176,0
DA:177,0
DA:178,0
DA:179,0
DA:180,0
DA:184,2928
DA:186,2928
DA:187,7
DA:188,0
DA:191,7
DA:192,0
DA:194,2921
DA:195,7
DA:196,0
DA:199,7
DA:200,0
DA:205,141
DA:209,1
DA:210,149
DA:214,149
LF:114
LH:64
BRDA:38,1,0,0
BRDA:38,1,1,0
BRDA:45,2,0,0
BRDA:45,2,1,0
BRDA:50,3,0,0
BRDA:50,3,1,0
BRDA:51,4,0,0
BRDA:51,4,1,0
BRDA:52,5,0,0
BRDA:52,5,1,0
BRDA:56,6,0,0
BRDA:56,6,1,0
BRDA:65,7,0,0
BRDA:65,7,1,0
BRDA:65,8,0,0
BRDA:65,8,1,0
BRDA:73,9,0,0
BRDA:73,9,1,0
BRDA:73,10,0,0
BRDA:73,10,1,0
BRDA:73,10,2,0
BRDA:84,11,0,148
BRDA:84,11,1,7
BRDA:91,12,0,141
BRDA:91,12,1,7
BRDA:104,13,0,8
BRDA:104,13,1,141
BRDA:104,14,0,149
BRDA:104,14,1,149
BRDA:116,15,0,420
BRDA:116,15,1,0
BRDA:122,16,0,279
BRDA:122,16,1,141
BRDA:123,17,0,0
BRDA:123,17,1,279
BRDA:123,18,0,279
BRDA:123,18,1,0
BRDA:123,18,2,0
BRDA:129,19,0,279
BRDA:129,19,1,0
BRDA:129,20,0,279
BRDA:129,20,1,0
BRDA:136,21,0,0
BRDA:136,21,1,420
BRDA:136,22,0,420
BRDA:136,22,1,420
BRDA:140,23,0,0
BRDA:140,23,1,0
BRDA:148,24,0,7
BRDA:148,24,1,413
BRDA:148,25,0,420
BRDA:148,25,1,7
BRDA:148,25,2,7
BRDA:149,26,0,0
BRDA:149,26,1,7
BRDA:149,27,0,7
BRDA:149,27,1,0
BRDA:157,28,0,0
BRDA:157,28,1,420
BRDA:157,29,0,420
BRDA:157,29,1,7
BRDA:165,30,0,141
BRDA:165,30,1,0
BRDA:174,31,0,0
BRDA:174,31,1,2928
BRDA:175,32,0,0
BRDA:175,32,1,0
BRDA:176,33,0,0
BRDA:176,33,1,0
BRDA:178,34,0,0
BRDA:178,34,1,0
BRDA:179,35,0,0
BRDA:179,35,1,0
BRDA:180,36,0,0
BRDA:180,36,1,0
BRDA:186,37,0,7
BRDA:186,37,1,2921
BRDA:187,38,0,0
BRDA:187,38,1,7
BRDA:191,39,0,0
BRDA:191,39,1,7
BRDA:191,40,0,7
BRDA:191,40,1,0
BRDA:194,41,0,7
BRDA:194,41,1,2914
BRDA:195,42,0,0
BRDA:195,42,1,7
BRDA:195,43,0,7
BRDA:195,43,1,0
BRDA:199,44,0,0
BRDA:199,44,1,7
BRF:91
BRH:40
end_of_record
TN:
SF:C:\Users\juiveli\Documents\Koulu\Ohjelmointi\SOftware testing\SoftwareTesting\node_modules\escalade\sync\index.js
FN:4,(anonymous_1)
FNF:1
FNH:1
FNDA:1,(anonymous_1)
DA:1,1
DA:2,1
DA:4,1
DA:5,1
DA:6,1
DA:8,1
DA:9,1
DA:12,1
DA:13,2
DA:14,2
DA:15,1
DA:16,1
LF:12
LH:12
BRDA:8,1,0,1
BRDA:8,1,1,0
BRDA:14,2,0,1
BRDA:14,2,1,1
BRDA:16,3,0,0
BRDA:16,3,1,1
BRF:6
BRH:4
end_of_record
TN:
SF:C:\Users\juiveli\Documents\Koulu\Ohjelmointi\SOftware testing\SoftwareTesting\node_modules\get-caller-file\index.js
FN:6,getCallerFile
FN:12,(anonymous_2)
FNF:2
FNH:0
FNDA:0,getCallerFile
FNDA:0,(anonymous_2)
DA:6,1
DA:7,0
DA:8,0
DA:9,0
DA:11,0
DA:12,0
DA:13,0
DA:14,0
DA:15,0
DA:19,0
LF:10
LH:1
BRDA:7,1,0,0
BRDA:7,1,1,0
BRDA:8,2,0,0
BRDA:8,2,1,0
BRDA:15,3,0,0
BRDA:15,3,1,0
BRDA:15,4,0,0
BRDA:15,4,1,0
BRDA:19,5,0,0
BRDA:19,5,1,0
BRF:10
BRH:0
end_of_record
TN:
SF:C:\Users\juiveli\Documents\Koulu\Ohjelmointi\SOftware testing\SoftwareTesting\node_modules\require-directory\index.js
FN:10,(anonymous_1)
FN:13,(anonymous_2)
FN:18,checkFileInclusion
FN:37,requireDirectory
FN:59,(anonymous_5)
FNF:5
FNH:0
FNDA:0,(anonymous_1)
FNDA:0,(anonymous_2)
FNDA:0,checkFileInclusion
FNDA:0,requireDirectory
FNDA:0,(anonymous_5)
DA:3,1
DA:11,0
DA:14,0
DA:18,1
DA:19,0
DA:37,1
DA:38,0
DA:41,0
DA:42,0
DA:43,0
DA:47,0
DA:48,0
DA:49,0
DA:50,0
DA:56,0
DA:59,0
DA:60,0
DA:65,0
DA:67,0
DA:69,0
DA:70,0
DA:73,0
DA:75,0
DA:76,0
DA:77,0
DA:82,0
DA:85,1
DA:86,1
LF:28
LH:5
BRDA:21,1,0,0
BRDA:21,1,1,0
BRDA:21,1,2,0
BRDA:21,1,3,0
BRDA:21,1,4,0
BRDA:24,2,0,0
BRDA:24,2,1,0
BRDA:24,2,2,0
BRDA:27,3,0,0
BRDA:27,3,1,0
BRDA:27,3,2,0
BRDA:30,4,0,0
BRDA:30,4,1,0
BRDA:30,4,2,0
BRDA:33,5,0,0
BRDA:33,5,1,0
BRDA:33,5,2,0
BRDA:41,6,0,0
BRDA:41,6,1,0
BRDA:41,7,0,0
BRDA:41,7,1,0
BRDA:41,7,2,0
BRDA:47,8,0,0
BRDA:47,8,1,0
BRDA:49,9,0,0
BRDA:49,9,1,0
BRDA:56,10,0,0
BRDA:56,10,1,0
BRDA:65,11,0,0
BRDA:65,11,1,0
BRDA:65,12,0,0
BRDA:65,12,1,0
BRDA:69,13,0,0
BRDA:69,13,1,0
BRDA:73,14,0,0
BRDA:73,14,1,0
BRDA:73,15,0,0
BRDA:73,15,1,0
BRDA:77,16,0,0
BRDA:77,16,1,0
BRF:40
BRH:0
end_of_record
TN:
SF:C:\Users\juiveli\Documents\Koulu\Ohjelmointi\SOftware testing\SoftwareTesting\node_modules\mocha\lib\cli\options.js
FNF:0
FNH:0
DA:10,1
DA:11,1
DA:12,1
DA:13,1
DA:14,1
DA:15,1
DA:16,1
DA:17,1
DA:18,1
DA:19,1
DA:20,1
DA:21,1
DA:39,1
DA:54,1
DA:66,1
DA:67,1
DA:70,10
DA:71,2
DA:79,33
DA:92,1
DA:94,20
DA:104,1
DA:111,2
DA:113,2
DA:114,2
DA:115,2
DA:116,0
DA:117,0
DA:121,2
DA:126,2
DA:136,0
DA:138,2
DA:139,0
DA:140,0
DA:144,2
DA:145,0
DA:148,2
DA:159,1
DA:160,1
DA:161,1
DA:162,1
DA:166,1
DA:176,1
DA:177,1
DA:178,1
DA:179,0
DA:181,1
DA:182,1
DA:183,1
DA:184,1
DA:185,1
DA:186,1
DA:187,0
DA:188,0
DA:190,1
DA:193,0
DA:194,0
DA:199,0
DA:202,1
DA:205,1
DA:222,1
DA:223,1
DA:225,1
DA:227,6
DA:231,0
DA:234,1
DA:235,1
DA:237,1
DA:238,1
DA:239,1
DA:241,1
DA:242,1
DA:243,1
DA:246,1
DA:249,1
DA:250,0
DA:251,0
DA:255,1
DA:257,1
DA:260,1
DA:261,1
LF:81
LH:66
BRDA:71,1,0,0
BRDA:71,1,1,2
BRDA:79,2,0,0
BRDA:79,2,1,8
BRDA:111,3,0,2
BRDA:111,3,1,0
BRDA:115,4,0,0
BRDA:115,4,1,2
BRDA:117,5,0,0
BRDA:117,5,1,0
BRDA:138,6,0,0
BRDA:138,6,1,2
BRDA:160,7,0,1
BRDA:160,7,1,0
BRDA:161,8,0,1
BRDA:161,8,1,1
BRDA:162,9,0,0
BRDA:162,9,1,1
BRDA:178,10,0,0
BRDA:178,10,1,1
BRDA:182,11,0,1
BRDA:182,11,1,1
BRDA:183,12,0,1
BRDA:183,12,1,0
BRDA:186,13,0,0
BRDA:186,13,1,1
BRDA:193,14,0,0
BRDA:193,14,1,0
BRDA:225,15,0,0
BRDA:225,15,1,1
BRDA:227,16,0,6
BRDA:227,16,1,6
BRDA:237,17,0,1
BRDA:237,17,1,0
BRDA:239,18,0,1
BRDA:239,18,1,1
BRDA:241,19,0,1
BRDA:241,19,1,0
BRDA:243,20,0,1
BRDA:243,20,1,1
BRDA:246,21,0,1
BRDA:246,21,1,0
BRDA:246,22,0,1
BRDA:246,22,1,0
BRDA:249,23,0,0
BRDA:249,23,1,1
BRF:46
BRH:26
end_of_record
TN:
SF:C:\Users\juiveli\Documents\Koulu\Ohjelmointi\SOftware testing\SoftwareTesting\node_modules\ansi-colors\index.js
FN:58,(anonymous_1)
FN:61,(anonymous_2)
FN:139,(anonymous_3)
FN:142,(anonymous_4)
FNF:4
FNH:2
FNDA:0,(anonymous_1)
FNDA:3,(anonymous_2)
FNDA:0,(anonymous_3)
FNDA:2,(anonymous_4)
DA:3,1
DA:4,1
DA:8,1
DA:10,1
DA:11,1
DA:13,1
DA:14,0
DA:17,1
DA:18,42
DA:19,42
DA:20,42
DA:21,42
DA:22,3
DA:23,3
DA:27,3
DA:29,42
DA:32,1
DA:33,3
DA:36,1
DA:37,3
DA:38,3
DA:39,3
DA:40,3
DA:41,3
DA:42,3
DA:43,3
DA:44,0
DA:46,3
DA:47,3
DA:50,1
DA:51,42
DA:52,42
DA:53,42
DA:55,42
DA:59,0
DA:62,3
DA:63,3
DA:64,3
DA:65,3
DA:70,1
DA:71,1
DA:72,1
DA:73,1
DA:74,1
DA:75,1
DA:76,1
DA:77,1
DA:79,1
DA:80,1
DA:81,1
DA:82,1
DA:83,1
DA:84,1
DA:85,1
DA:86,1
DA:87,1
DA:88,1
DA:90,1
DA:91,1
DA:92,1
DA:93,1
DA:94,1
DA:95,1
DA:96,1
DA:97,1
DA:99,1
DA:100,1
DA:101,1
DA:102,1
DA:103,1
DA:104,1
DA:105,1
DA:106,1
DA:108,1
DA:109,1
DA:110,1
DA:111,1
DA:112,1
DA:113,1
DA:114,1
DA:115,1
DA:117,1
DA:118,1
DA:119,0
DA:120,0
DA:123,1
DA:124,2
DA:126,2
DA:127,0
DA:130,2
DA:131,2
DA:132,2
DA:133,2
DA:136,2
DA:140,0
DA:143,2
DA:144,2
DA:145,2
DA:146,2
DA:151,1
DA:152,0
DA:153,0
DA:154,0
DA:156,0
DA:159,1
DA:160,0
DA:161,0
DA:162,0
DA:164,0
DA:167,1
DA:168,1
DA:170,1
DA:171,1
DA:172,1
DA:173,1
DA:176,1
DA:177,1
LF:117
LH:102
BRDA:3,1,0,0
BRDA:3,1,1,0
BRDA:3,1,2,0
BRDA:13,2,0,0
BRDA:13,2,1,1
BRDA:22,3,0,0
BRDA:22,3,1,3
BRDA:27,4,0,0
BRDA:27,4,1,3
BRDA:33,5,0,0
BRDA:33,5,1,3
BRDA:37,6,0,0
BRDA:37,6,1,3
BRDA:37,7,0,3
BRDA:37,7,1,3
BRDA:38,8,0,0
BRDA:38,8,1,3
BRDA:39,9,0,0
BRDA:39,9,1,3
BRDA:43,10,0,0
BRDA:43,10,1,3
BRDA:43,11,0,3
BRDA:43,11,1,3
BRDA:52,12,0,42
BRDA:52,12,1,5
BRDA:64,13,0,0
BRDA:64,13,1,3
BRDA:120,14,0,0
BRDA:120,14,1,0
BRDA:120,14,2,0
BRDA:124,15,0,0
BRDA:124,15,1,2
BRDA:126,16,0,0
BRDA:126,16,1,2
BRDA:130,17,0,2
BRDA:130,17,1,0
BRDA:145,18,0,0
BRDA:145,18,1,2
BRDA:152,19,0,0
BRDA:152,19,1,0
BRDA:160,20,0,0
BRDA:160,20,1,0
BRDA:160,21,0,0
BRDA:160,21,1,0
BRF:44
BRH:19
end_of_record
TN:
SF:C:\Users\juiveli\Documents\Koulu\Ohjelmointi\SOftware testing\SoftwareTesting\node_modules\ansi-colors\symbols.js
FNF:0
FNH:0
DA:3,1
DA:4,1
DA:5,1
DA:7,1
DA:35,1
DA:50,1
DA:67,1
DA:68,1
DA:69,1
DA:70,1
LF:10
LH:10
BRDA:60,1,0,0
BRDA:60,1,1,1
BRDA:61,2,0,0
BRDA:61,2,1,1
BRDA:67,3,0,1
BRDA:67,3,1,0
BRDA:67,4,0,1
BRDA:67,4,1,1
BRF:8
BRH:5
end_of_record
TN:
SF:C:\Users\juiveli\Documents\Koulu\Ohjelmointi\SOftware testing\SoftwareTesting\node_modules\mocha\lib\cli\run-option-metadata.js
FNF:0
FNH:0
DA:15,1
DA:72,1
DA:96,1
DA:99,4
DA:100,43
DA:101,43
DA:102,43
DA:103,24
DA:106,4
DA:115,1
DA:116,1
LF:11
LH:11
BRDA:101,1,0,43
BRDA:101,1,1,22
BRF:2
BRH:2
end_of_record
TN:
SF:C:\Users\juiveli\Documents\Koulu\Ohjelmointi\SOftware testing\SoftwareTesting\node_modules\mocha\lib\cli\one-and-dones.js
FNF:0
FNH:0
DA:11,1
DA:20,1
DA:21,0
DA:22,0
DA:23,0
DA:24,0
DA:26,0
DA:30,0
DA:31,0
DA:37,0
DA:45,1
DA:51,0
DA:58,0
DA:67,1
LF:14
LH:4
BRDA:26,1,0,0
BRDA:26,1,1,0
BRDA:26,1,2,0
BRDA:33,2,0,0
BRDA:33,2,1,0
BRF:5
BRH:0
end_of_record
TN:
SF:C:\Users\juiveli\Documents\Koulu\Ohjelmointi\SOftware testing\SoftwareTesting\node_modules\escape-string-regexp\index.js
FNF:0
FNH:0
DA:3,1
DA:4,0
DA:5,0
DA:10,0
LF:4
LH:1
BRDA:4,1,0,0
BRDA:4,1,1,0
BRF:2
BRH:0
end_of_record
TN:
SF:C:\Users\juiveli\Documents\Koulu\Ohjelmointi\SOftware testing\SoftwareTesting\node_modules\mocha\lib\reporters\index.js
FNF:0
FNH:0
DA:5,1
DA:6,1
DA:7,1
DA:8,1
DA:9,1
DA:10,1
DA:11,1
DA:12,1
DA:13,1
DA:14,1
DA:15,1
DA:16,1
DA:17,1
DA:18,1
DA:19,1
LF:15
LH:15
BRF:0
BRH:0
end_of_record
TN:
SF:C:\Users\juiveli\Documents\Koulu\Ohjelmointi\SOftware testing\SoftwareTesting\node_modules\mocha\lib\reporters\base.js
FN:20,getBrowserWindowSize
FN:110,(anonymous_2)
FN:138,(anonymous_3)
FN:142,(anonymous_4)
FN:146,(anonymous_5)
FN:150,(anonymous_6)
FN:154,(anonymous_7)
FN:164,(anonymous_8)
FN:173,stringifyDiffObjs
FN:191,(anonymous_10)
FN:223,(anonymous_11)
FN:226,(anonymous_12)
FN:285,(anonymous_13)
FN:311,Base
FN:321,(anonymous_15)
FN:331,(anonymous_16)
FN:351,(anonymous_17)
FN:393,pad
FN:406,inlineDiff
FN:414,(anonymous_20)
FN:443,unifiedDiff
FN:445,cleanUp
FN:460,notBlank
FN:486,errorDiff
FN:489,(anonymous_25)
FN:509,colorLines
FN:512,(anonymous_27)
FN:531,sameType
FNF:28
FNH:17
FNDA:0,getBrowserWindowSize
FNDA:465,(anonymous_2)
FNDA:0,(anonymous_3)
FNDA:0,(anonymous_4)
FNDA:0,(anonymous_5)
FNDA:0,(anonymous_6)
FNDA:0,(anonymous_7)
FNDA:52,(anonymous_8)
FNDA:52,stringifyDiffObjs
FNDA:26,(anonymous_10)
FNDA:1,(anonymous_11)
FNDA:26,(anonymous_12)
FNDA:52,(anonymous_13)
FNDA:1,Base
FNDA:49,(anonymous_15)
FNDA:26,(anonymous_16)
FNDA:1,(anonymous_17)
FNDA:0,pad
FNDA:0,inlineDiff
FNDA:0,(anonymous_20)
FNDA:26,unifiedDiff
FNDA:174,cleanUp
FNDA:174,notBlank
FNDA:0,errorDiff
FNDA:0,(anonymous_25)
FNDA:105,colorLines
FNDA:105,(anonymous_27)
FNDA:52,sameType
DA:9,1
DA:10,1
DA:11,1
DA:12,1
DA:13,1
DA:14,1
DA:15,1
DA:16,1
DA:18,1
DA:20,1
DA:21,0
DA:22,0
DA:25,0
DA:32,1
DA:38,1
DA:43,1
DA:49,1
DA:57,1
DA:63,1
DA:91,1
DA:110,1
DA:111,465
DA:112,0
DA:114,465
DA:121,1
DA:125,1
DA:126,1
DA:127,0
DA:129,1
DA:137,1
DA:139,0
DA:143,0
DA:147,0
DA:151,0
DA:155,0
DA:156,0
DA:157,0
DA:159,0
DA:164,1
DA:165,52
DA:173,1
DA:174,52
DA:175,20
DA:176,20
DA:191,1
DA:192,26
DA:193,26
DA:194,26
DA:195,0
DA:197,26
DA:198,0
DA:200,26
DA:204,0
DA:210,0
DA:223,1
DA:224,1
DA:225,1
DA:226,1
DA:228,26
DA:234,26
DA:235,26
DA:236,26
DA:237,0
DA:238,0
DA:239,0
DA:241,0
DA:243,26
DA:245,26
DA:246,26
DA:247,0
DA:248,26
DA:249,26
DA:251,0
DA:253,26
DA:254,26
DA:256,26
DA:257,0
DA:259,26
DA:260,26
DA:262,26
DA:266,26
DA:267,0
DA:270,26
DA:271,26
DA:272,26
DA:274,26
DA:275,26
DA:277,26
DA:281,26
DA:284,26
DA:285,26
DA:286,52
DA:287,26
DA:289,52
DA:290,26
DA:292,52
DA:295,26
DA:311,1
DA:312,1
DA:314,1
DA:315,0
DA:317,1
DA:318,1
DA:319,1
DA:321,1
DA:322,49
DA:323,0
DA:324,49
DA:325,0
DA:327,49
DA:331,1
DA:332,26
DA:333,26
DA:336,26
DA:337,0
DA:339,26
DA:341,26
DA:351,1
DA:352,1
DA:353,1
DA:355,1
DA:358,1
DA:363,1
DA:366,1
DA:367,0
DA:369,0
DA:373,1
DA:374,1
DA:376,1
DA:378,1
DA:379,1
DA:382,1
DA:393,1
DA:394,0
DA:395,0
DA:406,1
DA:407,0
DA:410,0
DA:411,0
DA:412,0
DA:413,0
DA:415,0
DA:421,0
DA:431,0
DA:432,0
DA:443,1
DA:444,26
DA:445,1
DA:446,174
DA:447,31
DA:449,143
DA:450,22
DA:452,121
DA:453,0
DA:455,121
DA:456,37
DA:458,84
DA:460,1
DA:461,174
DA:463,26
DA:464,26
DA:465,26
DA:486,1
DA:487,0
DA:490,0
DA:491,0
DA:493,0
DA:494,0
DA:496,0
DA:509,1
DA:510,105
DA:513,105
DA:521,1
DA:531,1
DA:532,52
DA:535,1
DA:537,1
LF:177
LH:128
BRDA:21,1,0,0
BRDA:21,1,1,0
BRDA:38,2,0,1
BRDA:38,2,1,1
BRDA:38,2,2,1
BRDA:50,3,0,1
BRDA:50,3,1,1
BRDA:50,3,2,0
BRDA:111,4,0,0
BRDA:111,4,1,465
BRDA:125,5,0,1
BRDA:125,5,1,0
BRDA:126,6,0,0
BRDA:126,6,1,1
BRDA:139,7,0,0
BRDA:139,7,1,0
BRDA:143,8,0,0
BRDA:143,8,1,0
BRDA:147,9,0,0
BRDA:147,9,1,0
BRDA:151,10,0,0
BRDA:151,10,1,0
BRDA:155,11,0,0
BRDA:155,11,1,0
BRDA:166,12,0,52
BRDA:166,12,1,52
BRDA:166,12,2,52
BRDA:166,12,3,52
BRDA:174,13,0,20
BRDA:174,13,1,32
BRDA:174,14,0,52
BRDA:174,14,1,32
BRDA:194,15,0,0
BRDA:194,15,1,26
BRDA:197,16,0,0
BRDA:197,16,1,26
BRDA:200,17,0,0
BRDA:200,17,1,26
BRDA:236,18,0,0
BRDA:236,18,1,26
BRDA:236,19,0,26
BRDA:236,19,1,26
BRDA:237,20,0,0
BRDA:237,20,1,0
BRDA:246,21,0,0
BRDA:246,21,1,26
BRDA:248,22,0,26
BRDA:248,22,1,0
BRDA:248,23,0,26
BRDA:248,23,1,26
BRDA:253,24,0,26
BRDA:253,24,1,0
BRDA:254,25,0,26
BRDA:254,25,1,0
BRDA:256,26,0,0
BRDA:256,26,1,26
BRDA:266,27,0,0
BRDA:266,27,1,26
BRDA:270,28,0,26
BRDA:270,28,1,0
BRDA:270,29,0,26
BRDA:270,29,1,26
BRDA:275,30,0,0
BRDA:275,30,1,26
BRDA:286,31,0,26
BRDA:286,31,1,26
BRDA:314,32,0,0
BRDA:314,32,1,1
BRDA:317,33,0,1
BRDA:317,33,1,0
BRDA:322,34,0,0
BRDA:322,34,1,49
BRDA:324,35,0,0
BRDA:324,35,1,49
BRDA:332,36,0,26
BRDA:332,36,1,0
BRDA:336,37,0,0
BRDA:336,37,1,26
BRDA:336,38,0,26
BRDA:336,38,1,0
BRDA:337,39,0,0
BRDA:337,39,1,0
BRDA:363,40,0,1
BRDA:363,40,1,0
BRDA:366,41,0,0
BRDA:366,41,1,1
BRDA:373,42,0,1
BRDA:373,42,1,0
BRDA:411,43,0,0
BRDA:411,43,1,0
BRDA:446,44,0,31
BRDA:446,44,1,143
BRDA:449,45,0,22
BRDA:449,45,1,121
BRDA:452,46,0,0
BRDA:452,46,1,121
BRDA:455,47,0,37
BRDA:455,47,1,84
BRDA:461,48,0,174
BRDA:461,48,1,174
BRDA:490,49,0,0
BRDA:490,49,1,0
BRDA:493,50,0,0
BRDA:493,50,1,0
BRF:104
BRH:55
end_of_record
TN:
SF:C:\Users\juiveli\Documents\Koulu\Ohjelmointi\SOftware testing\SoftwareTesting\node_modules\diff\lib\index.js
FN:9,get
FN:15,get
FN:21,get
FN:27,get
FN:33,get
FN:39,get
FN:45,get
FN:51,get
FN:57,get
FN:63,get
FN:69,get
FN:75,get
FN:81,get
FN:87,get
FN:93,get
FN:99,get
FN:105,get
FN:111,get
FN:117,get
FN:123,get
FN:213,_interopRequireDefault
FNF:21
FNH:2
FNDA:0,get
FNDA:0,get
FNDA:0,get
FNDA:0,get
FNDA:0,get
FNDA:0,get
FNDA:0,get
FNDA:0,get
FNDA:0,get
FNDA:0,get
FNDA:0,get
FNDA:0,get
FNDA:0,get
FNDA:0,get
FNDA:0,get
FNDA:0,get
FNDA:0,get
FNDA:26,get
FNDA:0,get
FNDA:0,get
FNDA:1,_interopRequireDefault
DA:4,1
DA:7,1
DA:10,0
DA:13,1
DA:16,0
DA:19,1
DA:22,0
DA:25,1
DA:28,0
DA:31,1
DA:34,0
DA:37,1
DA:40,0
DA:43,1
DA:46,0
DA:49,1
DA:52,0
DA:55,1
DA:58,0
DA:61,1
DA:64,0
DA:67,1
DA:70,0
DA:73,1
DA:76,0
DA:79,1
DA:82,0
DA:85,1
DA:88,0
DA:91,1
DA:94,0
DA:97,1
DA:100,0
DA:103,1
DA:106,0
DA:109,1
DA:112,26
DA:115,1
DA:118,0
DA:121,1
DA:124,0
DA:129,1
DA:135,1
DA:141,1
DA:147,1
DA:153,1
DA:159,1
DA:165,1
DA:171,1
DA:177,1
DA:183,1
DA:189,1
DA:195,1
DA:201,1
DA:207,1
DA:213,1
LF:56
LH:37
BRDA:213,1,0,1
BRDA:213,1,1,0
BRDA:213,2,0,1
BRDA:213,2,1,1
BRF:4
BRH:3
end_of_record
TN:
SF:C:\Users\juiveli\Documents\Koulu\Ohjelmointi\SOftware testing\SoftwareTesting\node_modules\diff\lib\diff\base.js
FN:10,Diff
FN:16,diff
FN:31,done
FN:33,(anonymous_4)
FN:67,execEditLength
FN:123,exec
FN:124,(anonymous_7)
FN:151,pushComponent
FN:174,extractCommon
FN:200,equals
FN:211,removeEmpty
FN:226,castInput
FN:233,tokenize
FN:240,join
FN:245,buildValues
FN:257,(anonymous_16)
FN:298,clonePath
FNF:17
FNH:12
FNDA:7,Diff
FNDA:26,diff
FNDA:26,done
FNDA:0,(anonymous_4)
FNDA:53,execEditLength
FNDA:0,exec
FNDA:0,(anonymous_7)
FNDA:118,pushComponent
FNDA:144,extractCommon
FNDA:155,equals
FNDA:52,removeEmpty
FNDA:52,castInput
FNDA:0,tokenize
FNDA:66,join
FNDA:26,buildValues
FNDA:0,(anonymous_16)
FNDA:83,clonePath
DA:4,1
DA:7,1
DA:10,1
DA:12,1
DA:18,26
DA:21,26
DA:23,26
DA:24,0
DA:25,0
DA:28,26
DA:29,26
DA:31,1
DA:32,26
DA:33,0
DA:34,0
DA:36,0
DA:38,26
DA:43,26
DA:44,26
DA:45,26
DA:46,26
DA:47,26
DA:49,26
DA:50,26
DA:51,26
DA:56,26
DA:58,26
DA:60,0
DA:67,1
DA:68,53
DA:69,138
DA:75,138
DA:79,138
DA:81,82
DA:84,138
DA:87,138
DA:89,20
DA:90,20
DA:96,118
DA:97,83
DA:98,83
DA:100,35
DA:102,35
DA:103,35
DA:106,118
DA:108,118
DA:109,26
DA:112,92
DA:116,27
DA:122,26
DA:123,0
DA:124,0
DA:128,1
DA:129,1
DA:132,0
DA:133,0
DA:138,26
DA:139,53
DA:141,53
DA:142,26
DA:152,118
DA:154,118
DA:157,44
DA:163,74
DA:175,144
DA:181,144
DA:182,62
DA:183,62
DA:184,62
DA:187,144
DA:188,29
DA:193,144
DA:194,144
DA:201,155
DA:202,0
DA:204,155
DA:212,52
DA:214,52
DA:215,173
DA:216,173
DA:220,52
DA:227,52
DA:234,0
DA:241,66
DA:245,1
DA:246,26
DA:251,26
DA:252,66
DA:254,66
DA:255,49
DA:256,0
DA:257,0
DA:258,0
DA:259,0
DA:261,0
DA:263,49
DA:266,49
DA:268,49
DA:269,27
DA:272,17
DA:273,17
DA:277,17
DA:278,12
DA:279,12
DA:280,12
DA:288,26
DA:290,26
DA:291,0
DA:292,0
DA:295,26
DA:298,1
DA:299,83
LF:112
LH:93
BRDA:20,1,0,26
BRDA:20,1,1,0
BRDA:20,2,0,26
BRDA:20,2,1,26
BRDA:23,3,0,0
BRDA:23,3,1,26
BRDA:32,4,0,0
BRDA:32,4,1,26
BRDA:58,5,0,0
BRDA:58,5,1,26
BRDA:58,6,0,26
BRDA:58,6,1,2
BRDA:77,7,0,99
BRDA:77,7,1,39
BRDA:79,8,0,82
BRDA:79,8,1,56
BRDA:84,9,0,138
BRDA:84,9,1,82
BRDA:85,10,0,138
BRDA:85,10,1,99
BRDA:85,10,2,99
BRDA:87,11,0,20
BRDA:87,11,1,118
BRDA:87,12,0,138
BRDA:87,12,1,58
BRDA:96,13,0,83
BRDA:96,13,1,35
BRDA:96,14,0,118
BRDA:96,14,1,80
BRDA:96,14,2,46
BRDA:108,15,0,26
BRDA:108,15,1,92
BRDA:108,16,0,118
BRDA:108,16,1,41
BRDA:122,17,0,0
BRDA:122,17,1,26
BRDA:128,18,0,0
BRDA:128,18,1,0
BRDA:132,19,0,0
BRDA:132,19,1,0
BRDA:141,20,0,26
BRDA:141,20,1,27
BRDA:154,21,0,44
BRDA:154,21,1,74
BRDA:154,22,0,118
BRDA:154,22,1,94
BRDA:154,22,2,59
BRDA:181,23,0,206
BRDA:181,23,1,163
BRDA:181,23,2,144
BRDA:187,24,0,29
BRDA:187,24,1,115
BRDA:201,25,0,0
BRDA:201,25,1,155
BRDA:204,26,0,155
BRDA:204,26,1,93
BRDA:204,26,2,0
BRDA:215,27,0,173
BRDA:215,27,1,0
BRDA:254,28,0,49
BRDA:254,28,1,17
BRDA:255,29,0,0
BRDA:255,29,1,49
BRDA:255,30,0,49
BRDA:255,30,1,27
BRDA:259,31,0,0
BRDA:259,31,1,0
BRDA:268,32,0,27
BRDA:268,32,1,22
BRDA:277,33,0,12
BRDA:277,33,1,5
BRDA:277,34,0,17
BRDA:277,34,1,15
BRDA:290,35,0,0
BRDA:290,35,1,26
BRDA:290,36,0,26
BRDA:290,36,1,24
BRDA:290,36,2,24
BRDA:290,36,3,13
BRDA:290,36,4,11
BRF:80
BRH:66
end_of_record
TN:
SF:C:\Users\juiveli\Documents\Koulu\Ohjelmointi\SOftware testing\SoftwareTesting\node_modules\diff\lib\diff\character.js
FN:17,_interopRequireDefault
FN:34,diffChars
FNF:2
FNH:1
FNDA:1,_interopRequireDefault
FNDA:0,diffChars
DA:4,1
DA:7,1
DA:8,1
DA:11,1
DA:17,1
DA:20,1
DA:31,1
DA:34,1
DA:35,0
LF:9
LH:8
BRDA:17,1,0,1
BRDA:17,1,1,0
BRDA:17,2,0,1
BRDA:17,2,1,1
BRF:4
BRH:3
end_of_record
TN:
SF:C:\Users\juiveli\Documents\Koulu\Ohjelmointi\SOftware testing\SoftwareTesting\node_modules\diff\lib\diff\word.js
FN:24,_interopRequireDefault
FN:61,(anonymous_2)
FN:70,(anonymous_3)
FN:86,diffWords
FN:105,diffWordsWithSpace
FNF:5
FNH:1
FNDA:1,_interopRequireDefault
FNDA:0,(anonymous_2)
FNDA:0,(anonymous_3)
FNDA:0,diffWords
FNDA:0,diffWordsWithSpace
DA:4,1
DA:7,1
DA:8,1
DA:9,1
DA:12,1
DA:18,1
DA:24,1
DA:45,1
DA:46,1
DA:47,1
DA:58,1
DA:61,1
DA:62,0
DA:63,0
DA:64,0
DA:67,0
DA:70,1
DA:72,0
DA:74,0
DA:76,0
DA:77,0
DA:78,0
DA:79,0
DA:83,0
DA:86,1
DA:87,0
DA:102,0
DA:105,1
DA:106,0
LF:29
LH:15
BRDA:24,1,0,1
BRDA:24,1,1,0
BRDA:24,2,0,1
BRDA:24,2,1,1
BRDA:62,3,0,0
BRDA:62,3,1,0
BRDA:67,4,0,0
BRDA:67,4,1,0
BRDA:67,4,2,0
BRDA:67,4,3,0
BRDA:76,5,0,0
BRDA:76,5,1,0
BRDA:76,6,0,0
BRDA:76,6,1,0
BRDA:76,6,2,0
BRDA:76,6,3,0
BRF:16
BRH:3
end_of_record
TN:
SF:C:\Users\juiveli\Documents\Koulu\Ohjelmointi\SOftware testing\SoftwareTesting\node_modules\diff\lib\util\params.js
FN:10,generateOptions
FNF:1
FNH:0
FNDA:0,generateOptions
DA:4,1
DA:7,1
DA:10,1
DA:11,0
DA:12,0
DA:13,0
DA:14,0
DA:16,0
DA:17,0
DA:22,0
LF:10
LH:3
BRDA:11,1,0,0
BRDA:11,1,1,0
BRDA:13,2,0,0
BRDA:13,2,1,0
BRDA:16,3,0,0
BRDA:16,3,1,0
BRF:6
BRH:1
end_of_record
TN:
SF:C:\Users\juiveli\Documents\Koulu\Ohjelmointi\SOftware testing\SoftwareTesting\node_modules\diff\lib\diff\line.js
FN:24,_interopRequireDefault
FN:41,(anonymous_2)
FN:67,diffLines
FN:71,diffTrimmedLines
FNF:4
FNH:3
FNDA:1,_interopRequireDefault
FNDA:52,(anonymous_2)
FNDA:26,diffLines
FNDA:0,diffTrimmedLines
DA:4,1
DA:7,1
DA:8,1
DA:9,1
DA:12,1
DA:18,1
DA:24,1
DA:27,1
DA:38,1
DA:41,1
DA:42,52
DA:45,52
DA:46,2
DA:50,52
DA:51,296
DA:53,296
DA:54,123
DA:56,173
DA:57,0
DA:60,173
DA:64,52
DA:67,1
DA:68,26
DA:71,1
DA:72,0
DA:87,0
LF:26
LH:23
BRDA:24,1,0,1
BRDA:24,1,1,0
BRDA:24,2,0,1
BRDA:24,2,1,1
BRDA:45,3,0,2
BRDA:45,3,1,50
BRDA:53,4,0,123
BRDA:53,4,1,173
BRDA:53,5,0,296
BRDA:53,5,1,123
BRDA:56,6,0,0
BRDA:56,6,1,173
BRF:12
BRH:10
end_of_record
TN:
SF:C:\Users\juiveli\Documents\Koulu\Ohjelmointi\SOftware testing\SoftwareTesting\node_modules\diff\lib\diff\sentence.js
FN:17,_interopRequireDefault
FN:34,(anonymous_2)
FN:38,diffSentences
FNF:3
FNH:1
FNDA:1,_interopRequireDefault
FNDA:0,(anonymous_2)
FNDA:0,diffSentences
DA:4,1
DA:7,1
DA:8,1
DA:11,1
DA:17,1
DA:20,1
DA:31,1
DA:34,1
DA:35,0
DA:38,1
DA:39,0
LF:11
LH:9
BRDA:17,1,0,1
BRDA:17,1,1,0
BRDA:17,2,0,1
BRDA:17,2,1,1
BRF:4
BRH:3
end_of_record
TN:
SF:C:\Users\juiveli\Documents\Koulu\Ohjelmointi\SOftware testing\SoftwareTesting\node_modules\diff\lib\diff\css.js
FN:17,_interopRequireDefault
FN:34,(anonymous_2)
FN:38,diffCss
FNF:3
FNH:1
FNDA:1,_interopRequireDefault
FNDA:0,(anonymous_2)
FNDA:0,diffCss
DA:4,1
DA:7,1
DA:8,1
DA:11,1
DA:17,1
DA:20,1
DA:31,1
DA:34,1
DA:35,0
DA:38,1
DA:39,0
LF:11
LH:9
BRDA:17,1,0,1
BRDA:17,1,1,0
BRDA:17,2,0,1
BRDA:17,2,1,1
BRF:4
BRH:3
end_of_record
TN:
SF:C:\Users\juiveli\Documents\Koulu\Ohjelmointi\SOftware testing\SoftwareTesting\node_modules\diff\lib\diff\json.js
FN:24,_interopRequireDefault
FN:26,_typeof
FN:26,_typeof
FN:26,_typeof
FN:56,(anonymous_5)
FN:63,(anonymous_6)
FN:74,(anonymous_7)
FN:87,diffJson
FN:93,canonicalize
FNF:9
FNH:1
FNDA:1,_interopRequireDefault
FNDA:0,_typeof
FNDA:0,_typeof
FNDA:0,_typeof
FNDA:0,(anonymous_5)
FNDA:0,(anonymous_6)
FNDA:0,(anonymous_7)
FNDA:0,diffJson
FNDA:0,canonicalize
DA:4,1
DA:7,1
DA:8,1
DA:9,1
DA:12,1
DA:18,1
DA:24,1
DA:26,1
DA:29,1
DA:30,1
DA:42,1
DA:45,1
DA:46,1
DA:56,1
DA:58,0
DA:66,0
DA:71,0
DA:74,1
DA:75,0
DA:87,1
DA:88,0
DA:93,1
DA:94,0
DA:95,0
DA:97,0
DA:98,0
DA:101,0
DA:103,0
DA:104,0
DA:105,0
DA:109,0
DA:111,0
DA:112,0
DA:113,0
DA:114,0
DA:116,0
DA:117,0
DA:120,0
DA:121,0
DA:122,0
DA:125,0
DA:126,0
DA:129,0
DA:134,0
DA:135,0
DA:136,0
DA:138,0
DA:141,0
DA:143,0
DA:144,0
DA:148,0
DA:150,0
DA:151,0
DA:152,0
DA:155,0
DA:156,0
DA:158,0
DA:161,0
LF:58
LH:17
BRDA:24,1,0,1
BRDA:24,1,1,0
BRDA:24,2,0,1
BRDA:24,2,1,1
BRDA:26,3,0,0
BRDA:26,3,1,0
BRDA:26,4,0,0
BRDA:26,4,1,0
BRDA:26,5,0,0
BRDA:26,5,1,0
BRDA:26,6,0,0
BRDA:26,6,1,0
BRDA:26,6,2,0
BRDA:26,6,3,0
BRDA:63,7,0,0
BRDA:63,7,1,0
BRDA:68,8,0,0
BRDA:68,8,1,0
BRDA:71,9,0,0
BRDA:71,9,1,0
BRDA:94,10,0,0
BRDA:94,10,1,0
BRDA:95,11,0,0
BRDA:95,11,1,0
BRDA:97,12,0,0
BRDA:97,12,1,0
BRDA:104,13,0,0
BRDA:104,13,1,0
BRDA:111,14,0,0
BRDA:111,14,1,0
BRDA:125,15,0,0
BRDA:125,15,1,0
BRDA:125,16,0,0
BRDA:125,16,1,0
BRDA:129,17,0,0
BRDA:129,17,1,0
BRDA:131,18,0,0
BRDA:131,18,1,0
BRDA:143,19,0,0
BRDA:143,19,1,0
BRF:40
BRH:4
end_of_record
TN:
SF:C:\Users\juiveli\Documents\Koulu\Ohjelmointi\SOftware testing\SoftwareTesting\node_modules\diff\lib\diff\array.js
FN:17,_interopRequireDefault
FN:34,(anonymous_2)
FN:38,(anonymous_3)
FN:42,diffArrays
FNF:4
FNH:1
FNDA:1,_interopRequireDefault
FNDA:0,(anonymous_2)
FNDA:0,(anonymous_3)
FNDA:0,diffArrays
DA:4,1
DA:7,1
DA:8,1
DA:11,1
DA:17,1
DA:20,1
DA:31,1
DA:34,1
DA:35,0
DA:38,1
DA:39,0
DA:42,1
DA:43,0
LF:13
LH:10
BRDA:17,1,0,1
BRDA:17,1,1,0
BRDA:17,2,0,1
BRDA:17,2,1,1
BRF:4
BRH:3
end_of_record
TN:
SF:C:\Users\juiveli\Documents\Koulu\Ohjelmointi\SOftware testing\SoftwareTesting\node_modules\diff\lib\patch\apply.js
FN:23,_interopRequireDefault
FN:26,applyPatch
FN:60,(anonymous_3)
FN:79,hunkFits
FN:194,applyPatches
FN:213,processIndex
FN:220,(anonymous_7)
FN:226,(anonymous_8)
FNF:8
FNH:1
FNDA:1,_interopRequireDefault
FNDA:0,applyPatch
FNDA:0,(anonymous_3)
FNDA:0,hunkFits
FNDA:0,applyPatches
FNDA:0,processIndex
FNDA:0,(anonymous_7)
FNDA:0,(anonymous_8)
DA:4,1
DA:7,1
DA:8,1
DA:11,1
DA:17,1
DA:23,1
DA:26,1
DA:28,0
DA:32,0
DA:33,0
DA:48,0
DA:49,0
DA:50,0
DA:53,0
DA:57,0
DA:63,0
DA:79,1
DA:80,0
DA:81,0
DA:85,0
DA:87,0
DA:88,0
DA:90,0
DA:91,0
DA:95,0
DA:99,0
DA:103,0
DA:104,0
DA:108,0
DA:122,0
DA:123,0
DA:124,0
DA:125,0
DA:129,0
DA:130,0
DA:135,0
DA:139,0
DA:141,0
DA:142,0
DA:145,0
DA:147,0
DA:148,0
DA:153,0
DA:154,0
DA:155,0
DA:156,0
DA:157,0
DA:159,0
DA:160,0
DA:161,0
DA:162,0
DA:163,1
DA:164,1
DA:166,1
DA:167,1
DA:168,1
DA:169,1
DA:176,0
DA:177,0
DA:178,0
DA:179,0
DA:181,0
DA:182,0
DA:183,0
DA:186,0
DA:187,0
DA:190,0
DA:194,1
DA:195,0
DA:196,0
DA:211,0
DA:213,1
DA:214,0
DA:216,0
DA:217,0
DA:220,0
DA:221,0
DA:222,0
DA:225,0
DA:226,0
DA:227,0
DA:228,0
DA:231,0
DA:236,0
LF:84
LH:16
BRDA:23,1,0,1
BRDA:23,1,1,0
BRDA:23,2,0,1
BRDA:23,2,1,1
BRDA:30,3,0,0
BRDA:30,3,1,0
BRDA:30,4,0,0
BRDA:30,4,1,0
BRDA:32,5,0,0
BRDA:32,5,1,0
BRDA:48,6,0,0
BRDA:48,6,1,0
BRDA:49,7,0,0
BRDA:49,7,1,0
BRDA:58,8,0,0
BRDA:58,8,1,0
BRDA:60,9,0,0
BRDA:60,9,1,0
BRDA:69,10,0,0
BRDA:69,10,1,0
BRDA:82,11,0,0
BRDA:82,11,1,0
BRDA:83,12,0,0
BRDA:83,12,1,0
BRDA:85,13,0,0
BRDA:85,13,1,0
BRDA:85,14,0,0
BRDA:85,14,1,0
BRDA:87,15,0,0
BRDA:87,15,1,0
BRDA:90,16,0,0
BRDA:90,16,1,0
BRDA:123,17,0,0
BRDA:123,17,1,0
BRDA:129,18,0,0
BRDA:129,18,1,0
BRDA:149,19,0,0
BRDA:149,19,1,0
BRDA:150,20,0,0
BRDA:150,20,1,0
BRDA:153,21,0,0
BRDA:153,21,1,0
BRDA:155,22,0,0
BRDA:155,22,1,0
BRDA:159,23,0,0
BRDA:159,23,1,0
BRDA:163,24,0,0
BRDA:163,24,1,0
BRDA:164,25,0,0
BRDA:164,25,1,0
BRDA:166,26,0,0
BRDA:166,26,1,0
BRDA:168,27,0,0
BRDA:168,27,1,0
BRDA:176,28,0,0
BRDA:176,28,1,0
BRDA:181,29,0,0
BRDA:181,29,1,0
BRDA:195,30,0,0
BRDA:195,30,1,0
BRDA:216,31,0,0
BRDA:216,31,1,0
BRDA:221,32,0,0
BRDA:221,32,1,0
BRDA:227,33,0,0
BRDA:227,33,1,0
BRF:66
BRH:12
end_of_record
TN:
SF:C:\Users\juiveli\Documents\Koulu\Ohjelmointi\SOftware testing\SoftwareTesting\node_modules\diff\lib\patch\parse.js
FN:10,parsePatch
FN:20,parseIndex
FN:66,parseFileHeader
FN:86,parseHunk
FNF:4
FNH:0
FNDA:0,parsePatch
FNDA:0,parseIndex
FNDA:0,parseFileHeader
FNDA:0,parseHunk
DA:4,1
DA:7,1
DA:10,1
DA:12,0
DA:15,0
DA:20,1
DA:21,0
DA:22,0
DA:24,0
DA:25,0
DA:27,0
DA:28,0
DA:32,0
DA:34,0
DA:35,0
DA:38,0
DA:43,0
DA:44,0
DA:46,0
DA:48,0
DA:49,0
DA:51,0
DA:52,0
DA:53,0
DA:54,0
DA:55,0
DA:57,0
DA:59,0
DA:66,1
DA:67,0
DA:69,0
DA:70,0
DA:71,0
DA:72,0
DA:74,0
DA:75,0
DA:78,0
DA:79,0
DA:80,0
DA:86,1
DA:87,0
DA:90,0
DA:101,0
DA:102,0
DA:105,0
DA:106,0
DA:109,0
DA:112,0
DA:115,0
DA:116,0
DA:119,0
DA:121,0
DA:122,0
DA:123,0
DA:125,0
DA:126,0
DA:127,0
DA:128,0
DA:129,0
DA:130,0
DA:131,0
DA:134,0
DA:139,0
DA:140,0
DA:143,0
DA:144,0
DA:148,0
DA:149,0
DA:150,0
DA:153,0
DA:154,0
DA:158,0
DA:161,0
DA:162,0
DA:165,0
LF:75
LH:6
BRDA:14,1,0,0
BRDA:14,1,1,0
BRDA:14,2,0,0
BRDA:14,2,1,0
BRDA:16,3,0,0
BRDA:16,3,1,0
BRDA:27,4,0,0
BRDA:27,4,1,0
BRDA:34,5,0,0
BRDA:34,5,1,0
BRDA:51,6,0,0
BRDA:51,6,1,0
BRDA:53,7,0,0
BRDA:53,7,1,0
BRDA:55,8,0,0
BRDA:55,8,1,0
BRDA:55,9,0,0
BRDA:55,9,1,0
BRDA:69,10,0,0
BRDA:69,10,1,0
BRDA:70,11,0,0
BRDA:70,11,1,0
BRDA:74,12,0,0
BRDA:74,12,1,0
BRDA:79,13,0,0
BRDA:79,13,1,0
BRDA:92,14,0,0
BRDA:92,14,1,0
BRDA:94,15,0,0
BRDA:94,15,1,0
BRDA:101,16,0,0
BRDA:101,16,1,0
BRDA:105,17,0,0
BRDA:105,17,1,0
BRDA:115,18,0,0
BRDA:115,18,1,0
BRDA:115,19,0,0
BRDA:115,19,1,0
BRDA:115,19,2,0
BRDA:115,19,3,0
BRDA:119,20,0,0
BRDA:119,20,1,0
BRDA:119,21,0,0
BRDA:119,21,1,0
BRDA:121,22,0,0
BRDA:121,22,1,0
BRDA:121,23,0,0
BRDA:121,23,1,0
BRDA:121,23,2,0
BRDA:121,23,3,0
BRDA:123,24,0,0
BRDA:123,24,1,0
BRDA:125,25,0,0
BRDA:125,25,1,0
BRDA:127,26,0,0
BRDA:127,26,1,0
BRDA:129,27,0,0
BRDA:129,27,1,0
BRDA:139,28,0,0
BRDA:139,28,1,0
BRDA:139,29,0,0
BRDA:139,29,1,0
BRDA:143,30,0,0
BRDA:143,30,1,0
BRDA:143,31,0,0
BRDA:143,31,1,0
BRDA:148,32,0,0
BRDA:148,32,1,0
BRDA:149,33,0,0
BRDA:149,33,1,0
BRDA:153,34,0,0
BRDA:153,34,1,0
BRF:72
BRH:0
end_of_record
TN:
SF:C:\Users\juiveli\Documents\Koulu\Ohjelmointi\SOftware testing\SoftwareTesting\node_modules\diff\lib\util\distance-iterator.js
FN:13,_default
FN:22,iterator
FNF:2
FNH:0
FNDA:0,_default
FNDA:0,iterator
DA:4,1
DA:7,1
DA:13,1
DA:18,0
DA:22,0
DA:23,0
DA:24,0
DA:25,0
DA:27,0
DA:32,0
DA:33,0
DA:36,0
DA:39,0
DA:40,0
DA:41,0
DA:46,0
DA:47,0
DA:50,0
DA:51,0
LF:19
LH:3
BRDA:23,1,0,0
BRDA:23,1,1,0
BRDA:23,2,0,0
BRDA:23,2,1,0
BRDA:24,3,0,0
BRDA:24,3,1,0
BRDA:32,4,0,0
BRDA:32,4,1,0
BRDA:39,5,0,0
BRDA:39,5,1,0
BRDA:40,6,0,0
BRDA:40,6,1,0
BRDA:46,7,0,0
BRDA:46,7,1,0
BRF:14
BRH:0
end_of_record
TN:
SF:C:\Users\juiveli\Documents\Koulu\Ohjelmointi\SOftware testing\SoftwareTesting\node_modules\diff\lib\patch\merge.js
FN:29,_toConsumableArray
FN:31,_nonIterableSpread
FN:33,_unsupportedIterableToArray
FN:35,_iterableToArray
FN:37,_arrayWithoutHoles
FN:39,_arrayLikeToArray
FN:42,calcLineCount
FN:63,merge
FN:139,loadPatch
FN:181,fileNameChanged
FN:185,selectField
FN:197,hunkBefore
FN:201,cloneHunk
FN:211,mergeLines
FN:304,mutualChange
FN:424,removal
FN:455,conflict
FN:464,insertLeading
FN:472,insertTrailing
FN:479,collectChange
FN:501,collectContext
FN:556,allRemoves
FN:557,(anonymous_23)
FN:562,skipRemoveSuperset
FN:575,calcOldNewLineCount
FN:578,(anonymous_26)
FNF:26
FNH:0
FNDA:0,_toConsumableArray
FNDA:0,_nonIterableSpread
FNDA:0,_unsupportedIterableToArray
FNDA:0,_iterableToArray
FNDA:0,_arrayWithoutHoles
FNDA:0,_arrayLikeToArray
FNDA:0,calcLineCount
FNDA:0,merge
FNDA:0,loadPatch
FNDA:0,fileNameChanged
FNDA:0,selectField
FNDA:0,hunkBefore
FNDA:0,cloneHunk
FNDA:0,mergeLines
FNDA:0,mutualChange
FNDA:0,removal
FNDA:0,conflict
FNDA:0,insertLeading
FNDA:0,insertTrailing
FNDA:0,collectChange
FNDA:0,collectContext
FNDA:0,allRemoves
FNDA:0,(anonymous_23)
FNDA:0,skipRemoveSuperset
FNDA:0,calcOldNewLineCount
FNDA:0,(anonymous_26)
DA:4,1
DA:7,1
DA:8,1
DA:11,1
DA:17,1
DA:23,1
DA:29,1
DA:31,1
DA:33,1
DA:35,1
DA:37,1
DA:39,1
DA:42,1
DA:44,0
DA:50,0
DA:51,0
DA:53,0
DA:56,0
DA:57,0
DA:59,0
DA:63,1
DA:64,0
DA:65,0
DA:66,0
DA:70,0
DA:71,0
DA:74,0
DA:75,0
DA:77,0
DA:78,0
DA:79,0
DA:80,0
DA:81,0
DA:83,0
DA:84,0
DA:85,0
DA:86,0
DA:89,0
DA:90,0
DA:91,0
DA:92,0
DA:96,0
DA:97,0
DA:102,0
DA:103,0
DA:110,0
DA:112,0
DA:113,0
DA:114,0
DA:115,0
DA:117,0
DA:118,0
DA:119,0
DA:122,0
DA:129,0
DA:130,0
DA:131,0
DA:132,0
DA:136,0
DA:139,1
DA:140,0
DA:141,0
DA:142,0
DA:158,0
DA:159,0
DA:162,0
DA:178,0
DA:181,1
DA:182,0
DA:185,1
DA:186,0
DA:187,0
DA:189,0
DA:190,0
DA:197,1
DA:198,0
DA:201,1
DA:202,0
DA:211,1
DA:214,0
DA:225,0
DA:226,0
DA:228,0
DA:229,0
DA:232,0
DA:234,0
DA:235,0
DA:237,0
DA:247,0
DA:258,0
DA:260,0
DA:270,0
DA:281,0
DA:283,0
DA:284,0
DA:286,0
DA:287,0
DA:289,0
DA:290,0
DA:291,0
DA:294,0
DA:299,0
DA:300,0
DA:301,0
DA:304,1
DA:305,0
DA:308,0
DA:310,0
DA:324,0
DA:333,0
DA:345,0
DA:346,0
DA:360,0
DA:369,0
DA:381,0
DA:383,0
DA:397,0
DA:406,0
DA:418,0
DA:421,0
DA:424,1
DA:425,0
DA:428,0
DA:430,0
DA:439,0
DA:451,0
DA:455,1
DA:456,0
DA:457,0
DA:464,1
DA:465,0
DA:466,0
DA:467,0
DA:468,0
DA:472,1
DA:473,0
DA:474,0
DA:475,0
DA:479,1
DA:480,0
DA:483,0
DA:484,0
DA:486,0
DA:487,0
DA:490,0
DA:491,0
DA:492,0
DA:494,0
DA:498,0
DA:501,1
DA:502,0
DA:508,0
DA:509,0
DA:512,0
DA:513,0
DA:516,0
DA:517,0
DA:518,0
DA:521,0
DA:522,0
DA:524,0
DA:525,0
DA:526,0
DA:530,0
DA:531,0
DA:532,0
DA:534,0
DA:538,0
DA:539,0
DA:542,0
DA:543,0
DA:546,0
DA:547,0
DA:550,0
DA:556,1
DA:557,0
DA:558,0
DA:562,1
DA:563,0
DA:564,0
DA:566,0
DA:567,0
DA:571,0
DA:572,0
DA:575,1
DA:576,0
DA:577,0
DA:578,0
DA:579,0
DA:580,0
DA:581,0
DA:583,0
DA:584,0
DA:585,0
DA:587,0
DA:591,0
DA:592,0
DA:593,0
DA:595,0
DA:599,0
DA:600,0
DA:603,0
DA:604,0
DA:608,0
LF:204
LH:30
BRDA:29,1,0,0
BRDA:29,1,1,0
BRDA:29,1,2,0
BRDA:29,1,3,0
BRDA:33,2,0,0
BRDA:33,2,1,0
BRDA:33,3,0,0
BRDA:33,3,1,0
BRDA:33,4,0,0
BRDA:33,4,1,0
BRDA:33,5,0,0
BRDA:33,5,1,0
BRDA:33,6,0,0
BRDA:33,6,1,0
BRDA:33,7,0,0
BRDA:33,7,1,0
BRDA:33,8,0,0
BRDA:33,8,1,0
BRDA:33,9,0,0
BRDA:33,9,1,0
BRDA:35,10,0,0
BRDA:35,10,1,0
BRDA:35,11,0,0
BRDA:35,11,1,0
BRDA:37,12,0,0
BRDA:37,12,1,0
BRDA:39,13,0,0
BRDA:39,13,1,0
BRDA:39,14,0,0
BRDA:39,14,1,0
BRDA:50,15,0,0
BRDA:50,15,1,0
BRDA:56,16,0,0
BRDA:56,16,1,0
BRDA:70,17,0,0
BRDA:70,17,1,0
BRDA:70,18,0,0
BRDA:70,18,1,0
BRDA:71,19,0,0
BRDA:71,19,1,0
BRDA:74,20,0,0
BRDA:74,20,1,0
BRDA:74,21,0,0
BRDA:74,21,1,0
BRDA:75,22,0,0
BRDA:75,22,1,0
BRDA:77,23,0,0
BRDA:77,23,1,0
BRDA:78,24,0,0
BRDA:78,24,1,0
BRDA:79,25,0,0
BRDA:79,25,1,0
BRDA:80,26,0,0
BRDA:80,26,1,0
BRDA:81,27,0,0
BRDA:81,27,1,0
BRDA:102,28,0,0
BRDA:102,28,1,0
BRDA:103,29,0,0
BRDA:103,29,1,0
BRDA:106,30,0,0
BRDA:106,30,1,0
BRDA:110,31,0,0
BRDA:110,31,1,0
BRDA:115,32,0,0
BRDA:115,32,1,0
BRDA:140,33,0,0
BRDA:140,33,1,0
BRDA:141,34,0,0
BRDA:141,34,1,0
BRDA:141,35,0,0
BRDA:141,35,1,0
BRDA:158,36,0,0
BRDA:158,36,1,0
BRDA:182,37,0,0
BRDA:182,37,1,0
BRDA:186,38,0,0
BRDA:186,38,1,0
BRDA:198,39,0,0
BRDA:198,39,1,0
BRDA:228,40,0,0
BRDA:228,40,1,0
BRDA:232,41,0,0
BRDA:232,41,1,0
BRDA:232,42,0,0
BRDA:232,42,1,0
BRDA:232,42,2,0
BRDA:232,42,3,0
BRDA:235,43,0,0
BRDA:235,43,1,0
BRDA:235,44,0,0
BRDA:235,44,1,0
BRDA:258,45,0,0
BRDA:258,45,1,0
BRDA:258,46,0,0
BRDA:258,46,1,0
BRDA:281,47,0,0
BRDA:281,47,1,0
BRDA:281,48,0,0
BRDA:281,48,1,0
BRDA:284,49,0,0
BRDA:284,49,1,0
BRDA:284,50,0,0
BRDA:284,50,1,0
BRDA:287,51,0,0
BRDA:287,51,1,0
BRDA:308,52,0,0
BRDA:308,52,1,0
BRDA:308,53,0,0
BRDA:308,53,1,0
BRDA:310,54,0,0
BRDA:310,54,1,0
BRDA:312,55,0,0
BRDA:312,55,1,0
BRDA:346,56,0,0
BRDA:346,56,1,0
BRDA:348,57,0,0
BRDA:348,57,1,0
BRDA:383,58,0,0
BRDA:383,58,1,0
BRDA:428,59,0,0
BRDA:428,59,1,0
BRDA:451,60,0,0
BRDA:451,60,1,0
BRDA:451,61,0,0
BRDA:451,61,1,0
BRDA:465,62,0,0
BRDA:465,62,1,0
BRDA:486,63,0,0
BRDA:486,63,1,0
BRDA:486,64,0,0
BRDA:486,64,1,0
BRDA:490,65,0,0
BRDA:490,65,1,0
BRDA:508,66,0,0
BRDA:508,66,1,0
BRDA:512,67,0,0
BRDA:512,67,1,0
BRDA:516,68,0,0
BRDA:516,68,1,0
BRDA:521,69,0,0
BRDA:521,69,1,0
BRDA:530,70,0,0
BRDA:530,70,1,0
BRDA:538,71,0,0
BRDA:538,71,1,0
BRDA:538,72,0,0
BRDA:538,72,1,0
BRDA:538,73,0,0
BRDA:538,73,1,0
BRDA:542,74,0,0
BRDA:542,74,1,0
BRDA:558,75,0,0
BRDA:558,75,1,0
BRDA:566,76,0,0
BRDA:566,76,1,0
BRDA:579,77,0,0
BRDA:579,77,1,0
BRDA:583,78,0,0
BRDA:583,78,1,0
BRDA:584,79,0,0
BRDA:584,79,1,0
BRDA:591,80,0,0
BRDA:591,80,1,0
BRDA:592,81,0,0
BRDA:592,81,1,0
BRDA:599,82,0,0
BRDA:599,82,1,0
BRDA:599,83,0,0
BRDA:599,83,1,0
BRDA:599,83,2,0
BRDA:603,84,0,0
BRDA:603,84,1,0
BRDA:603,85,0,0
BRDA:603,85,1,0
BRDA:603,85,2,0
BRF:176
BRH:0
end_of_record
TN:
SF:C:\Users\juiveli\Documents\Koulu\Ohjelmointi\SOftware testing\SoftwareTesting\node_modules\diff\lib\patch\create.js
FN:19,_toConsumableArray
FN:21,_nonIterableSpread
FN:23,_unsupportedIterableToArray
FN:25,_iterableToArray
FN:27,_arrayWithoutHoles
FN:29,_arrayLikeToArray
FN:32,structuredPatch
FN:59,contextLines
FN:60,(anonymous_9)
FN:73,_loop
FN:114,(anonymous_11)
FN:229,formatPatch
FN:260,createTwoFilesPatch
FN:264,createPatch
FNF:14
FNH:11
FNDA:66,_toConsumableArray
FNDA:0,_nonIterableSpread
FNDA:0,_unsupportedIterableToArray
FNDA:0,_iterableToArray
FNDA:66,_arrayWithoutHoles
FNDA:66,_arrayLikeToArray
FNDA:26,structuredPatch
FNDA:40,contextLines
FNDA:58,(anonymous_9)
FNDA:92,_loop
FNDA:53,(anonymous_11)
FNDA:26,formatPatch
FNDA:26,createTwoFilesPatch
FNDA:26,createPatch
DA:4,1
DA:7,1
DA:8,1
DA:9,1
DA:10,1
DA:13,1
DA:19,66
DA:21,1
DA:23,1
DA:25,1
DA:27,66
DA:29,89
DA:32,1
DA:33,26
DA:34,26
DA:37,26
DA:38,26
DA:41,26
DA:54,26
DA:59,1
DA:60,40
DA:61,58
DA:65,26
DA:66,26
DA:73,26
DA:76,92
DA:78,92
DA:80,92
DA:82,39
DA:86,39
DA:87,26
DA:88,26
DA:89,26
DA:91,26
DA:92,13
DA:93,13
DA:94,13
DA:104,39
DA:115,53
DA:119,39
DA:120,22
DA:122,17
DA:126,53
DA:128,27
DA:130,1
DA:140,1
DA:153,26
DA:157,26
DA:164,26
DA:176,26
DA:184,26
DA:186,26
DA:187,26
DA:188,26
DA:190,26
DA:193,11
DA:196,26
DA:197,26
DA:201,26
DA:202,26
DA:203,26
DA:204,26
DA:208,53
DA:209,53
DA:213,26
DA:215,92
DA:220,26
DA:229,1
DA:230,26
DA:232,26
DA:233,26
DA:236,26
DA:237,26
DA:238,26
DA:240,26
DA:241,26
DA:245,26
DA:246,0
DA:249,26
DA:250,2
DA:253,26
DA:254,26
DA:257,26
DA:260,1
DA:261,26
DA:264,1
DA:265,26
LF:87
LH:86
BRDA:19,1,0,66
BRDA:19,1,1,0
BRDA:19,1,2,0
BRDA:19,1,3,0
BRDA:23,2,0,0
BRDA:23,2,1,0
BRDA:23,3,0,0
BRDA:23,3,1,0
BRDA:23,4,0,0
BRDA:23,4,1,0
BRDA:23,5,0,0
BRDA:23,5,1,0
BRDA:23,6,0,0
BRDA:23,6,1,0
BRDA:23,7,0,0
BRDA:23,7,1,0
BRDA:23,8,0,0
BRDA:23,8,1,0
BRDA:23,9,0,0
BRDA:23,9,1,0
BRDA:25,10,0,0
BRDA:25,10,1,0
BRDA:25,11,0,0
BRDA:25,11,1,0
BRDA:27,12,0,66
BRDA:27,12,1,0
BRDA:29,13,0,66
BRDA:29,13,1,0
BRDA:29,14,0,66
BRDA:29,14,1,0
BRDA:33,15,0,26
BRDA:33,15,1,0
BRDA:37,16,0,26
BRDA:37,16,1,0
BRDA:77,17,0,92
BRDA:77,17,1,66
BRDA:80,18,0,39
BRDA:80,18,1,53
BRDA:80,19,0,92
BRDA:80,19,1,70
BRDA:86,20,0,26
BRDA:86,20,1,13
BRDA:91,21,0,13
BRDA:91,21,1,13
BRDA:92,22,0,13
BRDA:92,22,1,0
BRDA:115,23,0,31
BRDA:115,23,1,22
BRDA:119,24,0,22
BRDA:119,24,1,17
BRDA:126,25,0,27
BRDA:126,25,1,26
BRDA:128,26,0,1
BRDA:128,26,1,26
BRDA:128,27,0,27
BRDA:128,27,1,27
BRDA:184,28,0,26
BRDA:184,28,1,0
BRDA:184,29,0,26
BRDA:184,29,1,26
BRDA:188,30,0,26
BRDA:188,30,1,13
BRDA:190,31,0,11
BRDA:190,31,1,15
BRDA:190,32,0,26
BRDA:190,32,1,26
BRDA:190,32,2,11
BRDA:196,33,0,26
BRDA:196,33,1,0
BRDA:196,34,0,26
BRDA:196,34,1,26
BRDA:196,34,2,11
BRDA:232,35,0,26
BRDA:232,35,1,0
BRDA:237,36,0,26
BRDA:237,36,1,0
BRDA:238,37,0,26
BRDA:238,37,1,0
BRDA:245,38,0,0
BRDA:245,38,1,26
BRDA:249,39,0,2
BRDA:249,39,1,24
BRF:82
BRH:47
end_of_record
TN:
SF:C:\Users\juiveli\Documents\Koulu\Ohjelmointi\SOftware testing\SoftwareTesting\node_modules\diff\lib\util\array.js
FN:11,arrayEqual
FN:19,arrayStartsWith
FNF:2
FNH:0
FNDA:0,arrayEqual
FNDA:0,arrayStartsWith
DA:4,1
DA:7,1
DA:8,1
DA:11,1
DA:12,0
DA:13,0
DA:16,0
DA:19,1
DA:20,0
DA:21,0
DA:24,0
DA:25,0
DA:26,0
DA:30,0
LF:14
LH:5
BRDA:12,1,0,0
BRDA:12,1,1,0
BRDA:20,2,0,0
BRDA:20,2,1,0
BRDA:25,3,0,0
BRDA:25,3,1,0
BRF:6
BRH:0
end_of_record
TN:
SF:C:\Users\juiveli\Documents\Koulu\Ohjelmointi\SOftware testing\SoftwareTesting\node_modules\diff\lib\convert\dmp.js
FN:11,convertChangesToDMP
FNF:1
FNH:0
FNDA:0,convertChangesToDMP
DA:4,1
DA:7,1
DA:11,1
DA:12,0
DA:16,0
DA:17,0
DA:19,0
DA:20,0
DA:21,0
DA:22,0
DA:24,0
DA:27,0
DA:30,0
LF:13
LH:3
BRDA:19,1,0,0
BRDA:19,1,1,0
BRDA:21,2,0,0
BRDA:21,2,1,0
BRF:4
BRH:0
end_of_record
TN:
SF:C:\Users\juiveli\Documents\Koulu\Ohjelmointi\SOftware testing\SoftwareTesting\node_modules\diff\lib\convert\xml.js
FN:10,convertChangesToXML
FN:34,escapeHTML
FNF:2
FNH:0
FNDA:0,convertChangesToXML
FNDA:0,escapeHTML
DA:4,1
DA:7,1
DA:10,1
DA:11,0
DA:13,0
DA:14,0
DA:16,0
DA:17,0
DA:18,0
DA:19,0
DA:22,0
DA:24,0
DA:25,0
DA:26,0
DA:27,0
DA:31,0
DA:34,1
DA:35,0
DA:36,0
DA:37,0
DA:38,0
DA:39,0
DA:40,0
LF:23
LH:4
BRDA:16,1,0,0
BRDA:16,1,1,0
BRDA:18,2,0,0
BRDA:18,2,1,0
BRDA:24,3,0,0
BRDA:24,3,1,0
BRDA:26,4,0,0
BRDA:26,4,1,0
BRF:8
BRH:0
end_of_record
TN:
SF:C:\Users\juiveli\Documents\Koulu\Ohjelmointi\SOftware testing\SoftwareTesting\node_modules\ms\index.js
FN:26,(anonymous_1)
FN:48,parse
FN:113,fmtShort
FN:138,fmtLong
FN:159,plural
FNF:5
FNH:2
FNDA:1,(anonymous_1)
FNDA:0,parse
FNDA:1,fmtShort
FNDA:0,fmtLong
FNDA:0,plural
DA:5,1
DA:6,1
DA:7,1
DA:8,1
DA:9,1
DA:10,1
DA:26,1
DA:27,1
DA:28,1
DA:29,1
DA:30,0
DA:31,1
DA:32,1
DA:34,0
DA:48,1
DA:49,0
DA:50,0
DA:51,0
DA:53,0
DA:56,0
DA:57,0
DA:59,0
DA:60,0
DA:61,0
DA:67,0
DA:71,0
DA:75,0
DA:81,0
DA:87,0
DA:93,0
DA:99,0
DA:101,0
DA:113,1
DA:114,1
DA:115,1
DA:116,0
DA:118,1
DA:119,0
DA:121,1
DA:122,0
DA:124,1
DA:125,0
DA:127,1
DA:138,1
DA:139,0
DA:140,0
DA:141,0
DA:143,0
DA:144,0
DA:146,0
DA:147,0
DA:149,0
DA:150,0
DA:152,0
DA:159,1
DA:160,0
DA:161,0
LF:57
LH:22
BRDA:27,1,0,1
BRDA:27,1,1,1
BRDA:29,2,0,0
BRDA:29,2,1,1
BRDA:29,3,0,1
BRDA:29,3,1,0
BRDA:31,4,0,1
BRDA:31,4,1,0
BRDA:31,5,0,1
BRDA:31,5,1,1
BRDA:32,6,0,0
BRDA:32,6,1,1
BRDA:50,7,0,0
BRDA:50,7,1,0
BRDA:56,8,0,0
BRDA:56,8,1,0
BRDA:60,9,0,0
BRDA:60,9,1,0
BRDA:61,10,0,0
BRDA:61,10,1,0
BRDA:61,10,2,0
BRDA:61,10,3,0
BRDA:61,10,4,0
BRDA:61,10,5,0
BRDA:61,10,6,0
BRDA:61,10,7,0
BRDA:61,10,8,0
BRDA:61,10,9,0
BRDA:61,10,10,0
BRDA:61,10,11,0
BRDA:61,10,12,0
BRDA:61,10,13,0
BRDA:61,10,14,0
BRDA:61,10,15,0
BRDA:61,10,16,0
BRDA:61,10,17,0
BRDA:61,10,18,0
BRDA:61,10,19,0
BRDA:61,10,20,0
BRDA:61,10,21,0
BRDA:61,10,22,0
BRDA:61,10,23,0
BRDA:61,10,24,0
BRDA:61,10,25,0
BRDA:61,10,26,0
BRDA:61,10,27,0
BRDA:61,10,28,0
BRDA:61,10,29,0
BRDA:61,10,30,0
BRDA:61,10,31,0
BRDA:115,11,0,0
BRDA:115,11,1,1
BRDA:118,12,0,0
BRDA:118,12,1,1
BRDA:121,13,0,0
BRDA:121,13,1,1
BRDA:124,14,0,0
BRDA:124,14,1,1
BRDA:140,15,0,0
BRDA:140,15,1,0
BRDA:143,16,0,0
BRDA:143,16,1,0
BRDA:146,17,0,0
BRDA:146,17,1,0
BRDA:149,18,0,0
BRDA:149,18,1,0
BRDA:161,19,0,0
BRDA:161,19,1,0
BRF:68
BRH:12
end_of_record
TN:
SF:C:\Users\juiveli\Documents\Koulu\Ohjelmointi\SOftware testing\SoftwareTesting\node_modules\mocha\lib\utils.js
FN:37,(anonymous_1)
FN:48,(anonymous_2)
FN:59,(anonymous_3)
FN:73,(anonymous_4)
FN:109,emptyRepresentation
FN:145,canonicalType
FN:179,type
FN:215,(anonymous_8)
FN:231,(anonymous_9)
FN:262,jsonStringify
FN:277,repeat
FN:281,_stringify
FN:361,canonicalize
FN:367,withStack
FN:386,(anonymous_15)
FN:387,(anonymous_16)
FN:406,(anonymous_17)
FN:409,(anonymous_18)
FN:437,(anonymous_19)
FN:452,isMochaInternal
FN:460,isNodeInternal
FN:471,(anonymous_22)
FN:474,(anonymous_23)
FN:502,isPromise
FN:517,clamp
FN:525,(anonymous_26)
FN:542,(anonymous_27)
FN:561,(anonymous_28)
FN:574,cwd
FN:584,isBrowser
FN:599,castArray
FN:628,(anonymous_32)
FNF:32
FNH:22
FNDA:0,(anonymous_1)
FNDA:236,(anonymous_2)
FNDA:0,(anonymous_3)
FNDA:0,(anonymous_4)
FNDA:1,emptyRepresentation
FNDA:233,canonicalType
FNDA:0,type
FNDA:40,(anonymous_8)
FNDA:0,(anonymous_9)
FNDA:47,jsonStringify
FNDA:123,repeat
FNDA:100,_stringify
FNDA:115,canonicalize
FNDA:35,withStack
FNDA:35,(anonymous_15)
FNDA:88,(anonymous_16)
FNDA:0,(anonymous_17)
FNDA:0,(anonymous_18)
FNDA:1,(anonymous_19)
FNDA:286,isMochaInternal
FNDA:78,isNodeInternal
FNDA:26,(anonymous_22)
FNDA:286,(anonymous_23)
FNDA:0,isPromise
FNDA:151,clamp
FNDA:0,(anonymous_26)
FNDA:5,(anonymous_27)
FNDA:5,(anonymous_28)
FNDA:4,cwd
FNDA:2,isBrowser
FNDA:5,castArray
FNDA:0,(anonymous_32)
DA:12,1
DA:13,1
DA:14,1
DA:15,1
DA:17,1
DA:28,1
DA:37,1
DA:38,0
DA:48,1
DA:49,236
DA:59,1
DA:60,0
DA:73,1
DA:74,0
DA:83,0
DA:84,0
DA:85,0
DA:90,0
DA:92,0
DA:109,1
DA:110,1
DA:112,0
DA:114,0
DA:116,1
DA:118,0
DA:145,1
DA:146,233
DA:147,12
DA:148,221
DA:149,0
DA:150,221
DA:151,0
DA:153,221
DA:179,1
DA:181,0
DA:182,0
DA:190,0
DA:191,0
DA:192,0
DA:193,0
DA:194,0
DA:195,0
DA:197,0
DA:215,1
DA:216,40
DA:218,40
DA:219,12
DA:220,0
DA:222,0
DA:230,12
DA:231,0
DA:232,0
DA:233,0
DA:235,0
DA:237,12
DA:241,28
DA:242,27
DA:243,27
DA:250,1
DA:262,1
DA:263,47
DA:265,12
DA:268,35
DA:269,35
DA:270,35
DA:271,35
DA:272,35
DA:277,1
DA:278,123
DA:281,1
DA:282,100
DA:285,6
DA:286,6
DA:289,8
DA:290,8
DA:295,60
DA:299,60
DA:301,0
DA:302,0
DA:304,0
DA:305,0
DA:306,0
DA:308,0
DA:310,0
DA:311,0
DA:312,0
DA:314,26
DA:319,100
DA:322,35
DA:323,88
DA:324,0
DA:326,88
DA:327,88
DA:335,35
DA:361,1
DA:362,115
DA:364,115
DA:366,115
DA:367,1
DA:368,35
DA:369,35
DA:370,35
DA:373,115
DA:375,115
DA:376,0
DA:379,115
DA:383,6
DA:384,6
DA:386,35
DA:387,35
DA:388,88
DA:391,35
DA:394,0
DA:395,0
DA:396,0
DA:399,0
DA:400,0
DA:401,0
DA:405,0
DA:406,0
DA:407,0
DA:410,0
DA:413,0
DA:419,48
DA:420,48
DA:422,26
DA:425,115
DA:437,1
DA:439,1
DA:440,1
DA:441,1
DA:442,1
DA:443,1
DA:445,0
DA:449,0
DA:452,1
DA:453,286
DA:460,1
DA:461,78
DA:471,1
DA:472,26
DA:474,26
DA:475,286
DA:476,208
DA:479,78
DA:480,0
DA:484,78
DA:485,52
DA:488,78
DA:489,78
DA:492,26
DA:502,1
DA:503,0
DA:517,1
DA:518,151
DA:525,1
DA:542,1
DA:543,5
DA:561,1
DA:562,5
DA:563,0
DA:565,5
DA:574,1
DA:575,4
DA:584,1
DA:585,2
DA:599,1
DA:600,5
DA:601,0
DA:603,5
DA:604,0
DA:606,5
DA:610,5
DA:612,0
DA:615,1
DA:623,151
DA:625,1
DA:626,151
DA:627,151
DA:629,0
DA:632,151
DA:640,1
DA:641,0
LF:183
LH:123
BRDA:86,1,0,0
BRDA:86,1,1,0
BRDA:86,2,0,0
BRDA:86,2,1,0
BRDA:110,3,0,0
BRDA:110,3,1,0
BRDA:110,3,2,1
BRDA:110,3,3,0
BRDA:146,4,0,12
BRDA:146,4,1,221
BRDA:148,5,0,0
BRDA:148,5,1,221
BRDA:150,6,0,0
BRDA:150,6,1,221
BRDA:181,7,0,0
BRDA:181,7,1,0
BRDA:191,8,0,0
BRDA:191,8,1,0
BRDA:192,9,0,0
BRDA:192,9,1,0
BRDA:193,10,0,0
BRDA:193,10,1,0
BRDA:194,11,0,0
BRDA:194,11,1,0
BRDA:195,12,0,0
BRDA:195,12,1,0
BRDA:218,13,0,12
BRDA:218,13,1,28
BRDA:219,14,0,0
BRDA:219,14,1,12
BRDA:223,15,0,0
BRDA:223,15,1,0
BRDA:223,16,0,0
BRDA:223,16,1,0
BRDA:230,17,0,0
BRDA:230,17,1,12
BRDA:230,18,0,12
BRDA:230,18,1,0
BRDA:242,19,0,27
BRDA:242,19,1,0
BRDA:263,20,0,12
BRDA:263,20,1,35
BRDA:268,21,0,35
BRDA:268,21,1,27
BRDA:270,22,0,35
BRDA:270,22,1,0
BRDA:271,23,0,35
BRDA:271,23,1,0
BRDA:273,24,0,35
BRDA:273,24,1,0
BRDA:282,25,0,0
BRDA:282,25,1,6
BRDA:282,25,2,8
BRDA:282,25,3,8
BRDA:282,25,4,4
BRDA:282,25,5,4
BRDA:282,25,6,4
BRDA:282,25,7,60
BRDA:282,25,8,0
BRDA:282,25,9,0
BRDA:282,25,10,0
BRDA:282,25,11,26
BRDA:296,26,0,0
BRDA:296,26,1,60
BRDA:296,27,0,60
BRDA:296,27,1,2
BRDA:304,28,0,0
BRDA:304,28,1,0
BRDA:310,29,0,0
BRDA:310,29,1,0
BRDA:310,30,0,0
BRDA:310,30,1,0
BRDA:315,31,0,0
BRDA:315,31,1,26
BRDA:315,32,0,26
BRDA:315,32,1,26
BRDA:323,33,0,0
BRDA:323,33,1,88
BRDA:330,34,0,88
BRDA:330,34,1,0
BRDA:332,35,0,55
BRDA:332,35,1,33
BRDA:338,36,0,35
BRDA:338,36,1,0
BRDA:366,37,0,115
BRDA:366,37,1,88
BRDA:373,38,0,115
BRDA:373,38,1,27
BRDA:375,39,0,0
BRDA:375,39,1,115
BRDA:379,40,0,6
BRDA:379,40,1,6
BRDA:379,40,2,6
BRDA:379,40,3,35
BRDA:379,40,4,0
BRDA:379,40,5,0
BRDA:379,40,6,0
BRDA:379,40,7,46
BRDA:379,40,8,46
BRDA:379,40,9,48
BRDA:379,40,10,48
BRDA:379,40,11,26
BRDA:399,41,0,0
BRDA:399,41,1,0
BRDA:405,42,0,0
BRDA:405,42,1,0
BRDA:439,43,0,1
BRDA:439,43,1,0
BRDA:442,44,0,1
BRDA:442,44,1,0
BRDA:445,45,0,0
BRDA:445,45,1,0
BRDA:454,46,0,286
BRDA:454,46,1,78
BRDA:454,46,2,78
BRDA:462,47,0,78
BRDA:462,47,1,78
BRDA:462,47,2,78
BRDA:462,47,3,78
BRDA:462,47,4,78
BRDA:462,47,5,78
BRDA:475,48,0,208
BRDA:475,48,1,78
BRDA:479,49,0,0
BRDA:479,49,1,78
BRDA:479,50,0,78
BRDA:479,50,1,78
BRDA:484,51,0,52
BRDA:484,51,1,26
BRDA:504,52,0,0
BRDA:504,52,1,0
BRDA:504,52,2,0
BRDA:562,53,0,0
BRDA:562,53,1,5
BRDA:562,54,0,5
BRDA:562,54,1,5
BRDA:600,55,0,0
BRDA:600,55,1,5
BRDA:603,56,0,0
BRDA:603,56,1,5
BRDA:606,57,0,5
BRDA:606,57,1,0
BRDA:607,58,0,5
BRDA:607,58,1,5
BRDA:607,58,2,0
BRDA:641,59,0,0
BRDA:641,59,1,0
BRDA:641,60,0,0
BRDA:641,60,1,0
BRF:149
BRH:77
end_of_record
TN:
SF:C:\Users\juiveli\Documents\Koulu\Ohjelmointi\SOftware testing\SoftwareTesting\node_modules\he\he.js
FN:2,(anonymous_1)
FN:66,(anonymous_2)
FN:70,(anonymous_3)
FN:81,(anonymous_4)
FN:96,(anonymous_5)
FN:126,(anonymous_6)
FN:130,(anonymous_7)
FN:134,(anonymous_8)
FN:140,(anonymous_9)
FN:151,(anonymous_10)
FN:157,(anonymous_11)
FN:175,(anonymous_12)
FN:185,(anonymous_13)
FN:195,(anonymous_14)
FN:206,(anonymous_15)
FN:226,(anonymous_16)
FN:232,(anonymous_17)
FN:306,(anonymous_18)
FN:307,(anonymous_19)
FN:330,(anonymous_20)
FNF:20
FNH:1
FNDA:1,(anonymous_1)
FNDA:0,(anonymous_2)
FNDA:0,(anonymous_3)
FNDA:0,(anonymous_4)
FNDA:0,(anonymous_5)
FNDA:0,(anonymous_6)
FNDA:0,(anonymous_7)
FNDA:0,(anonymous_8)
FNDA:0,(anonymous_9)
FNDA:0,(anonymous_10)
FNDA:0,(anonymous_11)
FNDA:0,(anonymous_12)
FNDA:0,(anonymous_13)
FNDA:0,(anonymous_14)
FNDA:0,(anonymous_15)
FNDA:0,(anonymous_16)
FNDA:0,(anonymous_17)
FNDA:0,(anonymous_18)
FNDA:0,(anonymous_19)
FNDA:0,(anonymous_20)
DA:2,1
DA:5,1
DA:8,1
DA:13,1
DA:14,1
DA:15,1
DA:21,1
DA:25,1
DA:29,1
DA:31,1
DA:32,1
DA:34,1
DA:35,1
DA:52,1
DA:53,1
DA:54,1
DA:55,1
DA:56,1
DA:57,1
DA:58,1
DA:62,1
DA:64,1
DA:65,1
DA:66,1
DA:67,0
DA:70,1
DA:71,0
DA:72,0
DA:73,0
DA:74,0
DA:75,0
DA:78,0
DA:81,1
DA:82,0
DA:83,0
DA:85,0
DA:86,0
DA:87,0
DA:90,0
DA:92,0
DA:96,1
DA:97,0
DA:98,0
DA:103,0
DA:104,0
DA:106,0
DA:108,0
DA:109,0
DA:110,0
DA:112,0
DA:114,0
DA:115,0
DA:117,0
DA:118,0
DA:119,0
DA:120,0
DA:122,0
DA:123,0
DA:126,1
DA:127,0
DA:130,1
DA:131,0
DA:134,1
DA:135,0
DA:140,1
DA:141,0
DA:142,0
DA:143,0
DA:144,0
DA:146,0
DA:147,0
DA:148,0
DA:149,0
DA:151,0
DA:152,0
DA:155,0
DA:157,0
DA:159,0
DA:160,0
DA:162,0
DA:166,0
DA:167,0
DA:173,0
DA:175,0
DA:177,0
DA:181,0
DA:184,0
DA:185,0
DA:186,0
DA:191,0
DA:195,0
DA:197,0
DA:199,0
DA:202,0
DA:204,0
DA:208,0
DA:209,0
DA:210,0
DA:211,0
DA:218,1
DA:226,1
DA:227,0
DA:228,0
DA:229,0
DA:230,0
DA:232,0
DA:233,0
DA:234,0
DA:235,0
DA:236,0
DA:237,0
DA:238,0
DA:240,0
DA:241,0
DA:243,0
DA:246,0
DA:250,0
DA:251,0
DA:252,0
DA:253,0
DA:254,0
DA:256,0
DA:258,0
DA:259,0
DA:264,0
DA:268,0
DA:270,0
DA:271,0
DA:272,0
DA:273,0
DA:275,0
DA:276,0
DA:279,0
DA:281,0
DA:282,0
DA:283,0
DA:284,0
DA:286,0
DA:287,0
DA:292,0
DA:293,0
DA:297,0
DA:301,1
DA:306,1
DA:307,0
DA:309,0
DA:315,1
DA:325,1
DA:330,0
DA:331,0
DA:333,1
DA:334,1
DA:335,1
DA:337,0
DA:338,0
DA:342,0
LF:156
LH:40
BRDA:5,1,0,1
BRDA:5,1,1,1
BRDA:8,2,0,1
BRDA:8,2,1,1
BRDA:8,2,2,1
BRDA:8,2,3,1
BRDA:13,3,0,1
BRDA:13,3,1,1
BRDA:14,4,0,1
BRDA:14,4,1,0
BRDA:14,5,0,1
BRDA:14,5,1,0
BRDA:74,6,0,0
BRDA:74,6,1,0
BRDA:82,7,0,0
BRDA:82,7,1,0
BRDA:90,8,0,0
BRDA:90,8,1,0
BRDA:98,9,0,0
BRDA:98,9,1,0
BRDA:98,10,0,0
BRDA:98,10,1,0
BRDA:98,10,2,0
BRDA:103,11,0,0
BRDA:103,11,1,0
BRDA:108,12,0,0
BRDA:108,12,1,0
BRDA:109,13,0,0
BRDA:109,13,1,0
BRDA:114,14,0,0
BRDA:114,14,1,0
BRDA:114,15,0,0
BRDA:114,15,1,0
BRDA:117,16,0,0
BRDA:117,16,1,0
BRDA:143,17,0,0
BRDA:143,17,1,0
BRDA:143,18,0,0
BRDA:143,18,1,0
BRDA:149,19,0,0
BRDA:149,19,1,0
BRDA:155,20,0,0
BRDA:155,20,1,0
BRDA:159,21,0,0
BRDA:159,21,1,0
BRDA:159,22,0,0
BRDA:159,22,1,0
BRDA:166,23,0,0
BRDA:166,23,1,0
BRDA:173,24,0,0
BRDA:173,24,1,0
BRDA:181,25,0,0
BRDA:181,25,1,0
BRDA:184,26,0,0
BRDA:184,26,1,0
BRDA:199,27,0,0
BRDA:199,27,1,0
BRDA:229,28,0,0
BRDA:229,28,1,0
BRDA:229,29,0,0
BRDA:229,29,1,0
BRDA:240,30,0,0
BRDA:240,30,1,0
BRDA:246,31,0,0
BRDA:246,31,1,0
BRDA:252,32,0,0
BRDA:252,32,1,0
BRDA:252,33,0,0
BRDA:252,33,1,0
BRDA:253,34,0,0
BRDA:253,34,1,0
BRDA:253,35,0,0
BRDA:253,35,1,0
BRDA:258,36,0,0
BRDA:258,36,1,0
BRDA:264,37,0,0
BRDA:264,37,1,0
BRDA:268,38,0,0
BRDA:268,38,1,0
BRDA:272,39,0,0
BRDA:272,39,1,0
BRDA:272,40,0,0
BRDA:272,40,1,0
BRDA:279,41,0,0
BRDA:279,41,1,0
BRDA:283,42,0,0
BRDA:283,42,1,0
BRDA:283,43,0,0
BRDA:283,43,1,0
BRDA:292,44,0,0
BRDA:292,44,1,0
BRDA:325,45,0,0
BRDA:325,45,1,1
BRDA:326,46,0,1
BRDA:326,46,1,0
BRDA:326,46,2,0
BRDA:333,47,0,1
BRDA:333,47,1,0
BRDA:333,48,0,1
BRDA:333,48,1,1
BRDA:334,49,0,1
BRDA:334,49,1,0
BRDA:338,50,0,0
BRDA:338,50,1,0
BRF:104
BRH:16
end_of_record
TN:
SF:C:\Users\juiveli\Documents\Koulu\Ohjelmointi\SOftware testing\SoftwareTesting\node_modules\mocha\lib\pending.js
FN:14,Pending
FNF:1
FNH:0
FNDA:0,Pending
DA:7,1
DA:14,1
DA:15,0
LF:3
LH:2
BRF:0
BRH:0
end_of_record
TN:
SF:C:\Users\juiveli\Documents\Koulu\Ohjelmointi\SOftware testing\SoftwareTesting\node_modules\mocha\lib\runnable.js
FN:34,Runnable
FN:45,(anonymous_2)
FN:60,(anonymous_3)
FN:89,(anonymous_4)
FN:123,(anonymous_5)
FN:141,(anonymous_6)
FN:151,(anonymous_7)
FN:160,(anonymous_8)
FN:169,(anonymous_9)
FN:178,(anonymous_10)
FN:190,(anonymous_11)
FN:205,(anonymous_12)
FN:216,(anonymous_13)
FN:225,(anonymous_14)
FN:234,(anonymous_15)
FN:242,(anonymous_16)
FN:257,(anonymous_17)
FN:270,(anonymous_18)
FN:285,multiple
FN:294,done
FN:330,asyncSkip
FN:365,callFn
FN:370,(anonymous_23)
FN:376,(anonymous_24)
FN:393,callFnAsync
FN:394,(anonymous_26)
FN:426,(anonymous_27)
FN:466,(anonymous_28)
FNF:28
FNH:14
FNDA:75,Runnable
FNDA:0,(anonymous_2)
FNDA:150,(anonymous_3)
FNDA:150,(anonymous_4)
FNDA:173,(anonymous_5)
FNDA:0,(anonymous_6)
FNDA:251,(anonymous_7)
FNDA:0,(anonymous_8)
FNDA:0,(anonymous_9)
FNDA:101,(anonymous_10)
FNDA:26,(anonymous_11)
FNDA:300,(anonymous_12)
FNDA:326,(anonymous_13)
FNDA:75,(anonymous_14)
FNDA:0,(anonymous_15)
FNDA:0,(anonymous_16)
FNDA:0,(anonymous_17)
FNDA:75,(anonymous_18)
FNDA:0,multiple
FNDA:75,done
FNDA:0,asyncSkip
FNDA:75,callFn
FNDA:0,(anonymous_23)
FNDA:0,(anonymous_24)
FNDA:0,callFnAsync
FNDA:0,(anonymous_26)
FNDA:0,(anonymous_27)
FNDA:26,(anonymous_28)
DA:3,1
DA:4,1
DA:5,1
DA:6,1
DA:7,1
DA:8,1
DA:18,1
DA:19,1
DA:20,1
DA:21,1
DA:23,1
DA:34,1
DA:35,75
DA:36,75
DA:37,75
DA:38,75
DA:39,75
DA:40,75
DA:41,75
DA:42,75
DA:43,75
DA:44,75
DA:46,0
DA:49,75
DA:55,1
DA:60,1
DA:61,150
DA:62,150
DA:63,150
DA:64,150
DA:65,150
DA:89,1
DA:90,150
DA:91,75
DA:93,75
DA:94,0
DA:98,75
DA:99,75
DA:100,75
DA:103,75
DA:104,0
DA:106,75
DA:108,75
DA:110,75
DA:111,0
DA:113,75
DA:123,1
DA:124,173
DA:125,98
DA:127,75
DA:128,0
DA:130,75
DA:131,75
DA:132,75
DA:141,1
DA:142,0
DA:143,0
DA:151,1
DA:152,251
DA:160,1
DA:161,0
DA:169,1
DA:170,0
DA:178,1
DA:179,101
DA:180,26
DA:182,75
DA:190,1
DA:191,26
DA:192,26
DA:194,0
DA:205,1
DA:206,300
DA:216,1
DA:217,326
DA:225,1
DA:226,75
DA:234,1
DA:235,0
DA:236,0
DA:238,0
DA:239,0
DA:241,0
DA:242,0
DA:243,0
DA:244,0
DA:246,0
DA:247,0
DA:257,1
DA:258,0
DA:259,0
DA:261,0
DA:270,1
DA:271,75
DA:272,75
DA:273,75
DA:274,75
DA:275,75
DA:277,75
DA:280,75
DA:281,75
DA:285,1
DA:286,0
DA:287,0
DA:289,0
DA:290,0
DA:294,1
DA:295,75
DA:296,75
DA:297,0
DA:300,75
DA:301,0
DA:304,75
DA:305,75
DA:306,75
DA:307,75
DA:308,0
DA:310,75
DA:314,75
DA:316,75
DA:317,0
DA:322,0
DA:326,75
DA:327,0
DA:330,0
DA:331,0
DA:332,0
DA:334,0
DA:337,0
DA:338,0
DA:341,0
DA:342,0
DA:343,0
DA:344,0
DA:345,0
DA:347,0
DA:349,0
DA:353,75
DA:354,75
DA:356,26
DA:357,26
DA:358,0
DA:359,26
DA:360,0
DA:362,26
DA:365,1
DA:366,75
DA:367,49
DA:368,0
DA:369,0
DA:371,0
DA:374,0
DA:377,0
DA:381,49
DA:382,0
DA:389,49
DA:393,1
DA:394,0
DA:395,0
DA:396,0
DA:398,0
DA:399,0
DA:400,0
DA:404,0
DA:406,0
DA:407,0
DA:414,0
DA:426,1
DA:427,0
DA:428,0
DA:429,0
DA:431,0
DA:434,1
DA:466,1
DA:467,26
DA:476,1
LF:176
LH:108
BRDA:37,1,0,75
BRDA:37,1,1,0
BRDA:38,2,0,75
BRDA:38,2,1,75
BRDA:90,3,0,75
BRDA:90,3,1,75
BRDA:93,4,0,0
BRDA:93,4,1,75
BRDA:103,5,0,0
BRDA:103,5,1,75
BRDA:103,6,0,75
BRDA:103,6,1,75
BRDA:110,7,0,0
BRDA:110,7,1,75
BRDA:124,8,0,98
BRDA:124,8,1,75
BRDA:124,9,0,173
BRDA:124,9,1,75
BRDA:127,10,0,0
BRDA:127,10,1,75
BRDA:152,11,0,251
BRDA:152,11,1,251
BRDA:152,11,2,251
BRDA:161,12,0,0
BRDA:161,12,1,0
BRDA:170,13,0,0
BRDA:170,13,1,0
BRDA:179,14,0,26
BRDA:179,14,1,75
BRDA:191,15,0,26
BRDA:191,15,1,0
BRDA:238,16,0,0
BRDA:238,16,1,0
BRDA:243,17,0,0
BRDA:243,17,1,0
BRDA:258,18,0,0
BRDA:258,18,1,0
BRDA:277,19,0,0
BRDA:277,19,1,75
BRDA:280,20,0,75
BRDA:280,20,1,0
BRDA:280,21,0,75
BRDA:280,21,1,75
BRDA:286,22,0,0
BRDA:286,22,1,0
BRDA:296,23,0,0
BRDA:296,23,1,75
BRDA:300,24,0,0
BRDA:300,24,1,75
BRDA:307,25,0,0
BRDA:307,25,1,75
BRDA:307,26,0,75
BRDA:307,26,1,49
BRDA:307,26,2,0
BRDA:316,27,0,0
BRDA:316,27,1,75
BRDA:316,28,0,75
BRDA:316,28,1,75
BRDA:326,29,0,0
BRDA:326,29,1,75
BRDA:342,30,0,0
BRDA:342,30,1,0
BRDA:344,31,0,0
BRDA:344,31,1,0
BRDA:357,32,0,0
BRDA:357,32,1,26
BRDA:359,33,0,0
BRDA:359,33,1,26
BRDA:367,34,0,0
BRDA:367,34,1,49
BRDA:367,35,0,49
BRDA:367,35,1,0
BRDA:377,36,0,0
BRDA:377,36,1,0
BRDA:381,37,0,0
BRDA:381,37,1,49
BRDA:395,38,0,0
BRDA:395,38,1,0
BRDA:395,39,0,0
BRDA:395,39,1,0
BRDA:398,40,0,0
BRDA:398,40,1,0
BRDA:399,41,0,0
BRDA:399,41,1,0
BRDA:406,42,0,0
BRDA:406,42,1,0
BRDA:406,43,0,0
BRDA:406,43,1,0
BRDA:428,44,0,0
BRDA:428,44,1,0
BRDA:468,45,0,26
BRDA:468,45,1,0
BRF:92
BRH:40
end_of_record
TN:
SF:C:\Users\juiveli\Documents\Koulu\Ohjelmointi\SOftware testing\SoftwareTesting\node_modules\mocha\lib\errors.js
FN:21,(anonymous_1)
FN:191,createNoFilesMatchPatternError
FN:206,createInvalidReporterError
FN:222,createInvalidInterfaceError
FN:237,createUnsupportedError
FN:253,createMissingArgumentError
FN:267,createInvalidArgumentTypeError
FN:287,createInvalidArgumentValueError
FN:304,createInvalidExceptionError
FN:320,createFatalError
FN:338,createInvalidLegacyPluginError
FN:360,createInvalidPluginError
FN:372,createMochaInstanceAlreadyDisposedError
FN:390,createMochaInstanceAlreadyRunningError
FN:406,createMultipleDoneError
FN:443,createForbiddenExclusivityError
FN:461,createInvalidPluginDefinitionError
FN:478,createInvalidPluginImplementationError
FN:497,createTimeoutError
FN:513,createUnparsableFileError
FNF:20
FNH:1
FNDA:0,(anonymous_1)
FNDA:0,createNoFilesMatchPatternError
FNDA:0,createInvalidReporterError
FNDA:0,createInvalidInterfaceError
FNDA:0,createUnsupportedError
FNDA:0,createMissingArgumentError
FNDA:0,createInvalidArgumentTypeError
FNDA:0,createInvalidArgumentValueError
FNDA:0,createInvalidExceptionError
FNDA:0,createFatalError
FNDA:0,createInvalidLegacyPluginError
FNDA:0,createInvalidPluginError
FNDA:0,createMochaInstanceAlreadyDisposedError
FNDA:0,createMochaInstanceAlreadyRunningError
FNDA:0,createMultipleDoneError
FNDA:0,createForbiddenExclusivityError
FNDA:0,createInvalidPluginDefinitionError
FNDA:0,createInvalidPluginImplementationError
FNDA:0,createTimeoutError
FNDA:0,createUnparsableFileError
DA:3,1
DA:16,1
DA:17,0
DA:18,0
DA:21,1
DA:22,1
DA:34,1
DA:35,0
DA:36,0
DA:37,0
DA:38,0
DA:41,1
DA:50,1
DA:51,0
DA:52,0
DA:62,1
DA:180,1
DA:191,1
DA:192,0
DA:193,0
DA:194,0
DA:195,0
DA:206,1
DA:207,0
DA:208,0
DA:209,0
DA:210,0
DA:222,1
DA:223,0
DA:224,0
DA:225,0
DA:226,0
DA:237,1
DA:238,0
DA:239,0
DA:240,0
DA:253,1
DA:254,0
DA:267,1
DA:268,0
DA:269,0
DA:270,0
DA:271,0
DA:272,0
DA:273,0
DA:287,1
DA:288,0
DA:289,0
DA:290,0
DA:291,0
DA:292,0
DA:293,0
DA:304,1
DA:305,0
DA:306,0
DA:307,0
DA:308,0
DA:309,0
DA:320,1
DA:321,0
DA:322,0
DA:323,0
DA:324,0
DA:325,0
DA:338,1
DA:339,0
DA:341,0
DA:343,0
DA:345,0
DA:360,1
DA:361,0
DA:362,0
DA:372,1
DA:377,0
DA:378,0
DA:379,0
DA:380,0
DA:381,0
DA:390,1
DA:391,0
DA:392,0
DA:393,0
DA:394,0
DA:406,1
DA:407,0
DA:408,0
DA:409,0
DA:410,0
DA:411,0
DA:414,0
DA:416,0
DA:421,0
DA:422,0
DA:424,0
DA:425,0
DA:428,0
DA:429,0
DA:430,0
DA:431,0
DA:432,0
DA:443,1
DA:444,0
DA:449,0
DA:450,0
DA:461,1
DA:462,0
DA:463,0
DA:464,0
DA:465,0
DA:478,1
DA:482,0
DA:483,0
DA:484,0
DA:485,0
DA:486,0
DA:497,1
DA:498,0
DA:499,0
DA:500,0
DA:501,0
DA:502,0
DA:513,1
DA:514,0
DA:515,0
DA:516,0
DA:527,1
DA:528,0
DA:530,1
LF:128
LH:30
BRDA:17,1,0,0
BRDA:17,1,1,0
BRDA:36,2,0,0
BRDA:36,2,1,0
BRDA:36,3,0,0
BRDA:36,3,1,0
BRDA:51,4,0,0
BRDA:51,4,1,0
BRDA:292,5,0,0
BRDA:292,5,1,0
BRDA:339,6,0,0
BRDA:339,6,1,0
BRDA:339,6,2,0
BRDA:410,7,0,0
BRDA:410,7,1,0
BRDA:418,8,0,0
BRDA:418,8,1,0
BRDA:421,9,0,0
BRDA:421,9,1,0
BRDA:424,10,0,0
BRDA:424,10,1,0
BRDA:445,11,0,0
BRDA:445,11,1,0
BRDA:528,12,0,0
BRDA:528,12,1,0
BRDA:528,12,2,0
BRF:26
BRH:0
end_of_record
TN:
SF:C:\Users\juiveli\Documents\Koulu\Ohjelmointi\SOftware testing\SoftwareTesting\node_modules\mocha\lib\suite.js
FN:38,(anonymous_1)
FN:57,Suite
FN:68,Context
FN:88,(anonymous_4)
FN:104,(anonymous_5)
FN:106,doReset
FN:123,(anonymous_7)
FN:143,(anonymous_8)
FN:168,(anonymous_9)
FN:184,(anonymous_10)
FN:203,(anonymous_11)
FN:217,(anonymous_12)
FN:228,(anonymous_13)
FN:247,(anonymous_14)
FN:271,(anonymous_15)
FN:295,(anonymous_16)
FN:319,(anonymous_17)
FN:342,(anonymous_18)
FN:361,(anonymous_19)
FN:380,(anonymous_20)
FN:392,(anonymous_21)
FN:410,(anonymous_22)
FN:412,(anonymous_23)
FN:426,(anonymous_24)
FN:428,(anonymous_25)
FN:438,run
FN:450,hasOnly
FN:454,(anonymous_28)
FN:466,filterOnly
FN:474,(anonymous_30)
FN:483,(anonymous_31)
FN:497,(anonymous_32)
FN:506,(anonymous_33)
FN:516,(anonymous_34)
FN:524,getHooks
FN:531,(anonymous_36)
FN:532,(anonymous_37)
FN:548,cleanReferences
FN:549,cleanArrReferences
FN:582,serialize
FNF:40
FNH:22
FNDA:75,(anonymous_1)
FNDA:76,Suite
FNDA:76,Context
FNDA:0,(anonymous_4)
FNDA:76,(anonymous_5)
FNDA:0,doReset
FNDA:0,(anonymous_7)
FNDA:226,(anonymous_8)
FNDA:225,(anonymous_9)
FNDA:226,(anonymous_10)
FNDA:150,(anonymous_11)
FNDA:652,(anonymous_12)
FNDA:0,(anonymous_13)
FNDA:0,(anonymous_14)
FNDA:0,(anonymous_15)
FNDA:0,(anonymous_16)
FNDA:0,(anonymous_17)
FNDA:75,(anonymous_18)
FNDA:75,(anonymous_19)
FNDA:151,(anonymous_20)
FNDA:953,(anonymous_21)
FNDA:76,(anonymous_22)
FNDA:75,(anonymous_23)
FNDA:227,(anonymous_24)
FNDA:150,(anonymous_25)
FNDA:0,run
FNDA:76,hasOnly
FNDA:75,(anonymous_28)
FNDA:0,filterOnly
FNDA:0,(anonymous_30)
FNDA:0,(anonymous_31)
FNDA:0,(anonymous_32)
FNDA:0,(anonymous_33)
FNDA:0,(anonymous_34)
FNDA:452,getHooks
FNDA:0,(anonymous_36)
FNDA:0,(anonymous_37)
FNDA:76,cleanReferences
FNDA:304,cleanArrReferences
FNDA:0,serialize
DA:7,1
DA:8,1
DA:9,1
DA:18,1
DA:19,1
DA:20,1
DA:22,1
DA:28,1
DA:38,1
DA:39,75
DA:40,75
DA:41,75
DA:42,75
DA:43,75
DA:57,1
DA:58,76
DA:59,0
DA:67,76
DA:68,1
DA:69,76
DA:70,76
DA:71,76
DA:72,76
DA:73,76
DA:74,76
DA:75,76
DA:76,76
DA:77,76
DA:78,76
DA:79,76
DA:80,76
DA:81,76
DA:82,76
DA:83,76
DA:84,76
DA:85,76
DA:87,76
DA:89,0
DA:93,76
DA:99,1
DA:104,1
DA:105,76
DA:106,1
DA:107,0
DA:109,76
DA:110,76
DA:111,76
DA:112,76
DA:113,76
DA:114,76
DA:123,1
DA:124,0
DA:125,0
DA:126,0
DA:127,0
DA:128,0
DA:129,0
DA:130,0
DA:131,0
DA:132,0
DA:143,1
DA:144,226
DA:145,150
DA:147,76
DA:148,0
DA:152,76
DA:153,76
DA:154,76
DA:156,76
DA:157,76
DA:158,76
DA:168,1
DA:169,225
DA:170,150
DA:172,75
DA:173,75
DA:174,75
DA:184,1
DA:185,226
DA:186,150
DA:188,76
DA:189,0
DA:191,76
DA:192,76
DA:193,76
DA:203,1
DA:204,150
DA:205,75
DA:207,75
DA:208,75
DA:209,75
DA:217,1
DA:218,652
DA:228,1
DA:229,0
DA:230,0
DA:231,0
DA:232,0
DA:233,0
DA:234,0
DA:235,0
DA:236,0
DA:247,1
DA:248,0
DA:249,0
DA:251,0
DA:252,0
DA:253,0
DA:255,0
DA:257,0
DA:258,0
DA:259,0
DA:260,0
DA:271,1
DA:272,0
DA:273,0
DA:275,0
DA:276,0
DA:277,0
DA:279,0
DA:281,0
DA:282,0
DA:283,0
DA:284,0
DA:295,1
DA:296,0
DA:297,0
DA:299,0
DA:300,0
DA:301,0
DA:303,0
DA:305,0
DA:306,0
DA:307,0
DA:308,0
DA:319,1
DA:320,0
DA:321,0
DA:323,0
DA:324,0
DA:325,0
DA:327,0
DA:329,0
DA:330,0
DA:331,0
DA:332,0
DA:342,1
DA:343,75
DA:344,75
DA:345,75
DA:346,75
DA:347,75
DA:348,75
DA:349,75
DA:350,75
DA:351,75
DA:361,1
DA:362,75
DA:363,75
DA:364,75
DA:365,75
DA:366,75
DA:367,75
DA:368,75
DA:369,75
DA:380,1
DA:381,151
DA:392,1
DA:393,953
DA:394,953
DA:395,476
DA:397,953
DA:398,476
DA:400,953
DA:410,1
DA:411,76
DA:413,75
DA:426,1
DA:427,227
DA:428,227
DA:429,150
DA:431,227
DA:438,1
DA:439,0
DA:440,0
DA:450,1
DA:451,76
DA:455,75
DA:466,1
DA:467,0
DA:469,0
DA:470,0
DA:473,0
DA:474,0
DA:477,0
DA:478,0
DA:482,0
DA:483,0
DA:484,0
DA:488,0
DA:497,1
DA:498,0
DA:506,1
DA:507,0
DA:516,1
DA:517,0
DA:524,1
DA:525,452
DA:531,1
DA:532,0
DA:533,0
DA:535,0
DA:548,1
DA:549,1
DA:550,304
DA:551,0
DA:555,76
DA:556,76
DA:559,76
DA:560,76
DA:563,76
DA:564,76
DA:567,76
DA:568,76
DA:571,76
DA:572,75
DA:582,1
DA:583,0
DA:594,1
DA:666,1
LF:230
LH:147
BRDA:58,1,0,0
BRDA:58,1,1,76
BRDA:144,2,0,150
BRDA:144,2,1,76
BRDA:147,3,0,0
BRDA:147,3,1,76
BRDA:169,4,0,150
BRDA:169,4,1,75
BRDA:173,5,0,75
BRDA:173,5,1,0
BRDA:185,6,0,150
BRDA:185,6,1,76
BRDA:188,7,0,0
BRDA:188,7,1,76
BRDA:204,8,0,75
BRDA:204,8,1,75
BRDA:218,9,0,652
BRDA:218,9,1,652
BRDA:218,9,2,326
BRDA:248,10,0,0
BRDA:248,10,1,0
BRDA:251,11,0,0
BRDA:251,11,1,0
BRDA:255,12,0,0
BRDA:255,12,1,0
BRDA:272,13,0,0
BRDA:272,13,1,0
BRDA:275,14,0,0
BRDA:275,14,1,0
BRDA:279,15,0,0
BRDA:279,15,1,0
BRDA:296,16,0,0
BRDA:296,16,1,0
BRDA:299,17,0,0
BRDA:299,17,1,0
BRDA:303,18,0,0
BRDA:303,18,1,0
BRDA:320,19,0,0
BRDA:320,19,1,0
BRDA:323,20,0,0
BRDA:323,20,1,0
BRDA:327,21,0,0
BRDA:327,21,1,0
BRDA:394,22,0,476
BRDA:394,22,1,477
BRDA:397,23,0,476
BRDA:397,23,1,477
BRDA:439,24,0,0
BRDA:439,24,1,0
BRDA:452,25,0,76
BRDA:452,25,1,76
BRDA:452,25,2,76
BRDA:467,26,0,0
BRDA:467,26,1,0
BRDA:477,27,0,0
BRDA:477,27,1,0
BRDA:484,28,0,0
BRDA:484,28,1,0
BRDA:488,29,0,0
BRDA:488,29,1,0
BRDA:507,30,0,0
BRDA:507,30,1,0
BRDA:555,31,0,76
BRDA:555,31,1,0
BRDA:559,32,0,76
BRDA:559,32,1,0
BRDA:563,33,0,76
BRDA:563,33,1,0
BRDA:567,34,0,76
BRDA:567,34,1,0
BRDA:590,35,0,0
BRDA:590,35,1,0
BRF:72
BRH:26
end_of_record
TN:
SF:C:\Users\juiveli\Documents\Koulu\Ohjelmointi\SOftware testing\SoftwareTesting\node_modules\mocha\lib\hook.js
FN:21,Hook
FN:34,(anonymous_2)
FN:47,(anonymous_3)
FN:63,serialize
FNF:4
FNH:0
FNDA:0,Hook
FNDA:0,(anonymous_2)
FNDA:0,(anonymous_3)
FNDA:0,serialize
DA:3,1
DA:4,1
DA:5,1
DA:11,1
DA:21,1
DA:22,0
DA:23,0
DA:29,1
DA:34,1
DA:35,0
DA:36,0
DA:47,1
DA:48,0
DA:49,0
DA:50,0
DA:51,0
DA:54,0
DA:63,1
DA:64,0
LF:19
LH:9
BRDA:48,1,0,0
BRDA:48,1,1,0
BRDA:70,2,0,0
BRDA:70,2,1,0
BRDA:70,3,0,0
BRDA:70,3,1,0
BRF:6
BRH:0
end_of_record
TN:
SF:C:\Users\juiveli\Documents\Koulu\Ohjelmointi\SOftware testing\SoftwareTesting\node_modules\mocha\lib\reporters\dot.js
FN:34,Dot
FN:41,(anonymous_2)
FN:45,(anonymous_3)
FN:52,(anonymous_4)
FN:63,(anonymous_5)
FN:70,(anonymous_6)
FNF:6
FNH:0
FNDA:0,Dot
FNDA:0,(anonymous_2)
FNDA:0,(anonymous_3)
FNDA:0,(anonymous_4)
FNDA:0,(anonymous_5)
FNDA:0,(anonymous_6)
DA:9,1
DA:10,1
DA:11,1
DA:12,1
DA:13,1
DA:14,1
DA:15,1
DA:16,1
DA:22,1
DA:34,1
DA:35,0
DA:37,0
DA:38,0
DA:39,0
DA:41,0
DA:42,0
DA:45,0
DA:46,0
DA:47,0
DA:49,0
DA:52,0
DA:53,0
DA:54,0
DA:56,0
DA:57,0
DA:59,0
DA:63,0
DA:64,0
DA:65,0
DA:67,0
DA:70,0
DA:71,0
DA:72,0
DA:79,1
DA:81,1
LF:35
LH:12
BRDA:46,1,0,0
BRDA:46,1,1,0
BRDA:53,2,0,0
BRDA:53,2,1,0
BRDA:56,3,0,0
BRDA:56,3,1,0
BRDA:64,4,0,0
BRDA:64,4,1,0
BRF:8
BRH:0
end_of_record
TN:
SF:C:\Users\juiveli\Documents\Koulu\Ohjelmointi\SOftware testing\SoftwareTesting\node_modules\mocha\lib\reporters\doc.js
FN:33,Doc
FN:38,indent
FN:42,(anonymous_3)
FN:53,(anonymous_4)
FN:63,(anonymous_5)
FN:70,(anonymous_6)
FNF:6
FNH:0
FNDA:0,Doc
FNDA:0,indent
FNDA:0,(anonymous_3)
FNDA:0,(anonymous_4)
FNDA:0,(anonymous_5)
FNDA:0,(anonymous_6)
DA:9,1
DA:10,1
DA:11,1
DA:12,1
DA:13,1
DA:14,1
DA:15,1
DA:21,1
DA:33,1
DA:34,0
DA:36,0
DA:38,1
DA:39,0
DA:42,0
DA:43,0
DA:44,0
DA:46,0
DA:47,0
DA:48,0
DA:49,0
DA:50,0
DA:53,0
DA:54,0
DA:55,0
DA:57,0
DA:58,0
DA:59,0
DA:60,0
DA:63,0
DA:64,0
DA:65,0
DA:66,0
DA:67,0
DA:70,0
DA:71,0
DA:76,0
DA:81,0
DA:82,0
DA:87,0
DA:95,1
LF:40
LH:11
BRDA:43,1,0,0
BRDA:43,1,1,0
BRDA:54,2,0,0
BRDA:54,2,1,0
BRF:4
BRH:0
end_of_record
TN:
SF:C:\Users\juiveli\Documents\Koulu\Ohjelmointi\SOftware testing\SoftwareTesting\node_modules\mocha\lib\reporters\tap.js
FN:37,TAP
FN:52,(anonymous_2)
FN:56,(anonymous_3)
FN:60,(anonymous_4)
FN:64,(anonymous_5)
FN:68,(anonymous_6)
FN:72,(anonymous_7)
FN:89,title
FN:100,println
FN:114,createProducer
FN:140,TAPProducer
FN:147,(anonymous_12)
FN:155,(anonymous_13)
FN:166,(anonymous_14)
FN:177,(anonymous_15)
FN:189,(anonymous_16)
FN:199,(anonymous_17)
FN:220,TAP12Producer
FN:225,(anonymous_19)
FN:253,TAP13Producer
FN:258,(anonymous_21)
FN:266,(anonymous_22)
FN:283,indent
FNF:23
FNH:0
FNDA:0,TAP
FNDA:0,(anonymous_2)
FNDA:0,(anonymous_3)
FNDA:0,(anonymous_4)
FNDA:0,(anonymous_5)
FNDA:0,(anonymous_6)
FNDA:0,(anonymous_7)
FNDA:0,title
FNDA:0,println
FNDA:0,createProducer
FNDA:0,TAPProducer
FNDA:0,(anonymous_12)
FNDA:0,(anonymous_13)
FNDA:0,(anonymous_14)
FNDA:0,(anonymous_15)
FNDA:0,(anonymous_16)
FNDA:0,(anonymous_17)
FNDA:0,TAP12Producer
FNDA:0,(anonymous_19)
FNDA:0,TAP13Producer
FNDA:0,(anonymous_21)
FNDA:0,(anonymous_22)
FNDA:0,indent
DA:9,1
DA:10,1
DA:11,1
DA:12,1
DA:13,1
DA:14,1
DA:15,1
DA:16,1
DA:17,1
DA:18,1
DA:19,1
DA:25,1
DA:37,1
DA:38,0
DA:40,0
DA:41,0
DA:43,0
DA:44,0
DA:45,0
DA:46,0
DA:50,0
DA:52,0
DA:53,0
DA:56,0
DA:57,0
DA:60,0
DA:61,0
DA:64,0
DA:65,0
DA:68,0
DA:69,0
DA:72,0
DA:73,0
DA:80,1
DA:89,1
DA:90,0
DA:100,1
DA:101,0
DA:102,0
DA:103,0
DA:114,1
DA:115,0
DA:119,0
DA:121,0
DA:122,0
DA:127,0
DA:140,1
DA:147,1
DA:155,1
DA:156,0
DA:166,1
DA:167,0
DA:177,1
DA:178,0
DA:189,1
DA:190,0
DA:199,1
DA:201,0
DA:202,0
DA:204,0
DA:205,0
DA:220,1
DA:225,0
DA:226,0
DA:227,0
DA:228,0
DA:230,0
DA:231,0
DA:239,1
DA:253,1
DA:258,0
DA:259,0
DA:266,0
DA:267,0
DA:268,0
DA:269,0
DA:270,0
DA:271,0
DA:272,0
DA:273,0
DA:275,0
DA:276,0
DA:277,0
DA:279,0
DA:283,1
DA:284,0
DA:291,1
DA:293,1
LF:88
LH:30
BRDA:44,1,0,0
BRDA:44,1,1,0
BRDA:44,2,0,0
BRDA:44,2,1,0
BRDA:45,3,0,0
BRDA:45,3,1,0
BRDA:121,4,0,0
[...]
BRDA:1377,65,1,0
BRDA:1377,65,2,0
BRDA:1379,66,0,0
BRDA:1379,66,1,0
BRDA:1379,67,0,0
BRDA:1379,67,1,0
BRDA:1379,67,2,0
BRDA:1381,68,0,0
BRDA:1381,68,1,0
BRDA:1381,69,0,0
BRDA:1381,69,1,0
BRDA:1381,69,2,0
BRDA:1382,70,0,0
BRDA:1382,70,1,0
BRDA:1388,71,0,0
BRDA:1388,71,1,0
BRDA:1392,72,0,0
BRDA:1392,72,1,0
BRDA:1395,73,0,0
BRDA:1395,73,1,0
BRDA:1395,74,0,0
BRDA:1395,74,1,0
BRDA:1467,75,0,0
BRDA:1467,75,1,0
BRDA:1471,76,0,0
BRDA:1471,76,1,0
BRDA:1478,77,0,0
BRDA:1478,77,1,0
BRDA:1478,78,0,0
BRDA:1478,78,1,0
BRDA:1478,78,2,0
BRDA:1482,79,0,0
BRDA:1482,79,1,0
BRDA:1482,80,0,0
BRDA:1482,80,1,0
BRDA:1482,80,2,0
BRDA:1484,81,0,0
BRDA:1484,81,1,0
BRDA:1484,82,0,0
BRDA:1484,82,1,0
BRDA:1484,82,2,0
BRDA:1486,83,0,0
BRDA:1486,83,1,0
BRDA:1486,84,0,0
BRDA:1486,84,1,0
BRDA:1486,84,2,0
BRDA:1487,85,0,0
BRDA:1487,85,1,0
BRDA:1493,86,0,0
BRDA:1493,86,1,0
BRDA:1497,87,0,0
BRDA:1497,87,1,0
BRDA:1500,88,0,0
BRDA:1500,88,1,0
BRDA:1500,89,0,0
BRDA:1500,89,1,0
BRDA:1571,90,0,0
BRDA:1571,90,1,0
BRDA:1575,91,0,0
BRDA:1575,91,1,0
BRDA:1582,92,0,0
BRDA:1582,92,1,0
BRDA:1582,93,0,0
BRDA:1582,93,1,0
BRDA:1586,94,0,0
BRDA:1586,94,1,0
BRDA:1586,95,0,0
BRDA:1586,95,1,0
BRDA:1586,95,2,0
BRDA:1590,96,0,0
BRDA:1590,96,1,0
BRDA:1590,97,0,0
BRDA:1590,97,1,0
BRDA:1590,97,2,0
BRDA:1590,97,3,0
BRDA:1592,98,0,0
BRDA:1592,98,1,0
BRDA:1592,99,0,0
BRDA:1592,99,1,0
BRDA:1592,99,2,0
BRDA:1592,99,3,0
BRDA:1594,100,0,0
BRDA:1594,100,1,0
BRDA:1594,101,0,0
BRDA:1594,101,1,0
BRDA:1594,101,2,0
BRDA:1595,102,0,0
BRDA:1595,102,1,0
BRDA:1601,103,0,0
BRDA:1601,103,1,0
BRDA:1605,104,0,0
BRDA:1605,104,1,0
BRDA:1608,105,0,0
BRDA:1608,105,1,0
BRDA:1608,106,0,0
BRDA:1608,106,1,0
BRDA:1615,107,0,0
BRDA:1615,107,1,0
BRDA:1621,108,0,0
BRDA:1621,108,1,0
BRDA:1668,109,0,0
BRDA:1668,109,1,0
BRDA:1677,110,0,0
BRDA:1677,110,1,0
BRDA:1678,111,0,0
BRDA:1678,111,1,0
BRDA:1690,112,0,0
BRDA:1690,112,1,0
BRDA:1817,113,0,0
BRDA:1817,113,1,0
BRDA:1826,114,0,0
BRDA:1826,114,1,0
BRDA:1828,115,0,0
BRDA:1828,115,1,0
BRDA:1829,116,0,0
BRDA:1829,116,1,0
BRDA:1837,117,0,0
BRDA:1837,117,1,0
BRDA:1837,118,0,0
BRDA:1837,118,1,0
BRDA:1837,118,2,0
BRDA:1846,119,0,0
BRDA:1846,119,1,0
BRDA:1846,120,0,0
BRDA:1846,120,1,0
BRDA:1854,121,0,0
BRDA:1854,121,1,0
BRDA:1854,122,0,0
BRDA:1854,122,1,0
BRDA:1864,123,0,0
BRDA:1864,123,1,0
BRDA:1865,124,0,0
BRDA:1865,124,1,0
BRDA:1868,125,0,0
BRDA:1868,125,1,0
BRDA:1869,126,0,0
BRDA:1869,126,1,0
BRDA:1870,127,0,0
BRDA:1870,127,1,0
BRDA:1874,128,0,0
BRDA:1874,128,1,0
BRDA:1875,129,0,0
BRDA:1875,129,1,0
BRDA:1883,130,0,0
BRDA:1883,130,1,0
BRDA:1883,131,0,0
BRDA:1883,131,1,0
BRDA:1890,132,0,0
BRDA:1890,132,1,0
BRDA:1892,133,0,0
BRDA:1892,133,1,0
BRDA:1892,134,0,0
BRDA:1892,134,1,0
BRDA:2033,135,0,0
BRDA:2033,135,1,0
BRDA:2037,136,0,0
BRDA:2037,136,1,0
BRDA:2040,137,0,0
BRDA:2040,137,1,0
BRDA:2040,138,0,0
BRDA:2040,138,1,0
BRDA:2125,139,0,0
BRDA:2125,139,1,0
BRDA:2133,140,0,0
BRDA:2133,140,1,0
BRDA:2133,140,2,0
BRDA:2184,141,0,0
BRDA:2184,141,1,0
BRDA:2222,142,0,0
BRDA:2222,142,1,0
BRDA:2351,143,0,0
BRDA:2351,143,1,0
BRDA:2354,144,0,0
BRDA:2354,144,1,0
BRDA:2354,145,0,0
BRDA:2354,145,1,0
BRDA:2355,146,0,0
BRDA:2355,146,1,0
BRDA:2361,147,0,0
BRDA:2361,147,1,0
BRDA:2367,148,0,0
BRDA:2367,148,1,0
BRDA:2367,148,2,0
BRDA:2369,149,0,0
BRDA:2369,149,1,0
BRDA:2374,150,0,0
BRDA:2374,150,1,0
BRDA:2385,151,0,0
BRDA:2385,151,1,0
BRDA:2389,152,0,0
BRDA:2389,152,1,0
BRDA:2398,153,0,0
BRDA:2398,153,1,0
BRDA:2398,154,0,0
BRDA:2398,154,1,0
BRDA:2403,155,0,0
BRDA:2403,155,1,0
BRDA:2406,156,0,0
BRDA:2406,156,1,0
BRDA:2416,157,0,0
BRDA:2416,157,1,0
BRDA:2419,158,0,0
BRDA:2419,158,1,0
BRDA:2427,159,0,0
BRDA:2427,159,1,0
BRDA:2428,160,0,0
BRDA:2428,160,1,0
BRDA:2433,161,0,0
BRDA:2433,161,1,0
BRDA:2438,162,0,0
BRDA:2438,162,1,0
BRDA:2441,163,0,0
BRDA:2441,163,1,0
BRDA:2449,164,0,0
BRDA:2449,164,1,0
BRDA:2452,165,0,0
BRDA:2452,165,1,0
BRDA:2634,166,0,0
BRDA:2634,166,1,0
BRDA:2638,167,0,0
BRDA:2638,167,1,0
BRDA:2641,168,0,0
BRDA:2641,168,1,0
BRDA:2641,169,0,0
BRDA:2641,169,1,0
BRDA:2655,170,0,0
BRDA:2655,170,1,0
BRDA:2659,171,0,0
BRDA:2659,171,1,0
BRDA:2664,172,0,0
BRDA:2664,172,1,0
BRDA:2664,173,0,0
BRDA:2664,173,1,0
BRDA:2664,173,2,0
BRDA:2667,174,0,0
BRDA:2667,174,1,0
BRDA:2669,175,0,0
BRDA:2669,175,1,0
BRDA:2677,176,0,0
BRDA:2677,176,1,0
BRDA:2678,177,0,0
BRDA:2678,177,1,0
BRDA:2679,178,0,0
BRDA:2679,178,1,0
BRDA:2679,179,0,0
BRDA:2679,179,1,0
BRDA:2684,180,0,0
BRDA:2684,180,1,0
BRDA:2684,181,0,0
BRDA:2684,181,1,0
BRDA:2686,182,0,0
BRDA:2686,182,1,0
BRDA:2689,183,0,0
BRDA:2689,183,1,0
BRDA:2692,184,0,0
BRDA:2692,184,1,0
BRDA:2692,185,0,0
BRDA:2692,185,1,0
BRDA:2698,186,0,0
BRDA:2698,186,1,0
BRDA:2698,187,0,0
BRDA:2698,187,1,0
BRDA:2707,188,0,0
BRDA:2707,188,1,0
BRDA:2708,189,0,0
BRDA:2708,189,1,0
BRDA:2708,190,0,0
BRDA:2708,190,1,0
BRDA:2714,191,0,0
BRDA:2714,191,1,0
BRDA:2715,192,0,0
BRDA:2715,192,1,0
BRDA:2715,193,0,0
BRDA:2715,193,1,0
BRDA:2716,194,0,0
BRDA:2716,194,1,0
BRDA:2716,195,0,0
BRDA:2716,195,1,0
BRDA:2722,196,0,0
BRDA:2722,196,1,0
BRDA:2722,197,0,0
BRDA:2722,197,1,0
BRDA:2722,197,2,0
BRDA:2725,198,0,0
BRDA:2725,198,1,0
BRDA:2730,199,0,0
BRDA:2730,199,1,0
BRDA:2731,200,0,0
BRDA:2731,200,1,0
BRDA:2731,201,0,0
BRDA:2731,201,1,0
BRDA:2746,202,0,0
BRDA:2746,202,1,0
BRDA:2746,203,0,0
BRDA:2746,203,1,0
BRDA:2750,204,0,0
BRDA:2750,204,1,0
BRDA:2751,205,0,0
BRDA:2751,205,1,0
BRDA:2751,206,0,0
BRDA:2751,206,1,0
BRDA:2752,207,0,0
BRDA:2752,207,1,0
BRDA:2752,208,0,0
BRDA:2752,208,1,0
BRDA:2829,209,0,0
BRDA:2829,209,1,0
BRDA:2832,210,0,0
BRDA:2832,210,1,0
BRDA:2832,211,0,0
BRDA:2832,211,1,0
BRDA:2909,212,0,0
BRDA:2909,212,1,0
BRDA:2916,213,0,0
BRDA:2916,213,1,0
BRDA:2963,214,0,0
BRDA:2963,214,1,0
BRDA:2969,215,0,0
BRDA:2969,215,1,0
BRDA:2969,216,0,0
BRDA:2969,216,1,0
BRDA:2970,217,0,0
BRDA:2970,217,1,0
BRDA:2971,218,0,0
BRDA:2971,218,1,0
BRDA:2991,219,0,0
BRDA:2991,219,1,0
BRDA:2992,220,0,0
BRDA:2992,220,1,0
BRDA:2997,221,0,0
BRDA:2997,221,1,0
BRDA:2997,222,0,0
BRDA:2997,222,1,0
BRDA:2999,223,0,0
BRDA:2999,223,1,0
BRDA:3001,224,0,0
BRDA:3001,224,1,0
BRDA:3004,225,0,0
BRDA:3004,225,1,0
BRDA:3009,226,0,0
BRDA:3009,226,1,0
BRDA:3012,227,0,0
BRDA:3012,227,1,0
BRDA:3088,228,0,0
BRDA:3088,228,1,0
BRDA:3101,229,0,0
BRDA:3101,229,1,0
BRDA:3102,230,0,0
BRDA:3102,230,1,0
BRDA:3106,231,0,0
BRDA:3106,231,1,0
BRDA:3111,232,0,0
BRDA:3111,232,1,0
BRDA:3162,233,0,0
BRDA:3162,233,1,0
BRDA:3170,234,0,0
BRDA:3170,234,1,0
BRDA:3179,235,0,0
BRDA:3179,235,1,0
BRDA:3297,236,0,0
BRDA:3297,236,1,0
BRDA:3304,237,0,0
BRDA:3304,237,1,0
BRDA:3314,238,0,0
BRDA:3314,238,1,0
BRDA:3314,239,0,0
BRDA:3314,239,1,0
BRDA:3315,240,0,0
BRDA:3315,240,1,0
BRDA:3315,241,0,0
BRDA:3315,241,1,0
BRDA:3414,242,0,0
BRDA:3414,242,1,0
BRDA:3421,243,0,0
BRDA:3421,243,1,0
BRDA:3434,244,0,0
BRDA:3434,244,1,0
BRDA:3434,245,0,0
BRDA:3434,245,1,0
BRDA:3435,246,0,0
BRDA:3435,246,1,0
BRDA:3435,247,0,0
BRDA:3435,247,1,0
BRDA:3533,248,0,0
BRDA:3533,248,1,0
BRDA:3540,249,0,0
BRDA:3540,249,1,0
BRDA:3553,250,0,0
BRDA:3553,250,1,0
BRDA:3553,251,0,0
BRDA:3553,251,1,0
BRDA:3554,252,0,0
BRDA:3554,252,1,0
BRDA:3554,253,0,0
BRDA:3554,253,1,0
BRDA:3639,254,0,0
BRDA:3639,254,1,0
BRDA:3648,255,0,0
BRDA:3648,255,1,0
BRDA:3699,256,0,0
BRDA:3699,256,1,0
BRDA:3744,257,0,0
BRDA:3744,257,1,0
BRDA:3786,258,0,0
BRDA:3786,258,1,0
BRDA:3848,259,0,0
BRDA:3848,259,1,0
BRF:557
BRH:3
end_of_record
TN:
SF:C:\Users\juiveli\Documents\Koulu\Ohjelmointi\SOftware testing\SoftwareTesting\node_modules\chai\lib\chai\interface\expect.js
FN:7,(anonymous_1)
FN:8,(anonymous_2)
FN:34,(anonymous_3)
FNF:3
FNH:2
FNDA:1,(anonymous_1)
FNDA:75,(anonymous_2)
FNDA:0,(anonymous_3)
DA:7,1
DA:8,1
DA:9,75
DA:34,1
DA:35,0
DA:36,0
DA:37,0
DA:40,0
DA:41,0
LF:9
LH:4
BRDA:35,1,0,0
BRDA:35,1,1,0
BRDA:40,2,0,0
BRDA:40,2,1,0
BRF:4
BRH:0
end_of_record
TN:
SF:C:\Users\juiveli\Documents\Koulu\Ohjelmointi\SOftware testing\SoftwareTesting\node_modules\chai\lib\chai\interface\should.js
FN:7,(anonymous_1)
FN:10,loadShould
FN:12,shouldGetter
FN:22,shouldSetter
FN:68,(anonymous_5)
FN:97,(anonymous_6)
FN:125,(anonymous_7)
FN:143,(anonymous_8)
FN:165,(anonymous_9)
FN:189,(anonymous_10)
FN:207,(anonymous_11)
FNF:11
FNH:1
FNDA:1,(anonymous_1)
FNDA:0,loadShould
FNDA:0,shouldGetter
FNDA:0,shouldSetter
FNDA:0,(anonymous_5)
FNDA:0,(anonymous_6)
FNDA:0,(anonymous_7)
FNDA:0,(anonymous_8)
FNDA:0,(anonymous_9)
FNDA:0,(anonymous_10)
FNDA:0,(anonymous_11)
DA:7,1
DA:8,1
DA:10,1
DA:12,1
DA:13,0
DA:18,0
DA:20,0
DA:22,1
DA:29,0
DA:37,0
DA:43,0
DA:68,0
DA:69,0
DA:70,0
DA:71,0
DA:74,0
DA:75,0
DA:97,0
DA:98,0
DA:125,0
DA:126,0
DA:143,0
DA:144,0
DA:148,0
DA:165,0
DA:166,0
DA:189,0
DA:190,0
DA:207,0
DA:208,0
DA:211,0
DA:212,0
DA:214,0
DA:217,1
DA:218,1
LF:35
LH:7
BRDA:13,1,0,0
BRDA:13,1,1,0
BRDA:13,2,0,0
BRDA:13,2,1,0
BRDA:13,2,2,0
BRDA:13,2,3,0
BRDA:13,2,4,0
BRDA:13,2,5,0
BRDA:13,2,6,0
BRDA:69,3,0,0
BRDA:69,3,1,0
BRDA:74,4,0,0
BRDA:74,4,1,0
BRF:13
BRH:0
end_of_record
TN:
SF:C:\Users\juiveli\Documents\Koulu\Ohjelmointi\SOftware testing\SoftwareTesting\node_modules\chai\lib\chai\interface\assert.js
FN:7,(anonymous_1)
FN:34,(anonymous_2)
FN:65,(anonymous_3)
FN:97,(anonymous_4)
FN:117,(anonymous_5)
FN:136,(anonymous_6)
FN:164,(anonymous_7)
FN:192,(anonymous_8)
FN:211,(anonymous_9)
FN:231,(anonymous_10)
FN:250,(anonymous_11)
FN:269,(anonymous_12)
FN:289,(anonymous_13)
FN:308,(anonymous_14)
FN:328,(anonymous_15)
FN:347,(anonymous_16)
FN:366,(anonymous_17)
FN:385,(anonymous_18)
FN:404,(anonymous_19)
FN:422,(anonymous_20)
FN:441,(anonymous_21)
FN:459,(anonymous_22)
FN:476,(anonymous_23)
FN:496,(anonymous_24)
FN:518,(anonymous_25)
FN:537,(anonymous_26)
FN:556,(anonymous_27)
FN:575,(anonymous_28)
FN:594,(anonymous_29)
FN:614,(anonymous_30)
FN:634,(anonymous_31)
FN:653,(anonymous_32)
FN:672,(anonymous_33)
FN:691,(anonymous_34)
FN:710,(anonymous_35)
FN:729,(anonymous_36)
FN:748,(anonymous_37)
FN:769,(anonymous_38)
FN:791,(anonymous_39)
FN:813,(anonymous_40)
FN:838,(anonymous_41)
FN:858,(anonymous_42)
FN:880,(anonymous_43)
FN:902,(anonymous_44)
FN:938,(anonymous_45)
FN:974,(anonymous_46)
FN:999,(anonymous_47)
FN:1024,(anonymous_48)
FN:1049,(anonymous_49)
FN:1074,(anonymous_50)
FN:1100,(anonymous_51)
FN:1126,(anonymous_52)
FN:1148,(anonymous_53)
FN:1171,(anonymous_54)
FN:1192,(anonymous_55)
FN:1214,(anonymous_56)
FN:1234,(anonymous_57)
FN:1253,(anonymous_58)
FN:1274,(anonymous_59)
FN:1294,(anonymous_60)
FN:1317,(anonymous_61)
FN:1341,(anonymous_62)
FN:1363,(anonymous_63)
FN:1387,(anonymous_64)
FN:1407,(anonymous_65)
FN:1428,(anonymous_66)
FN:1450,(anonymous_67)
FN:1473,(anonymous_68)
FN:1495,(anonymous_69)
FN:1520,(anonymous_70)
FN:1542,(anonymous_71)
FN:1564,(anonymous_72)
FN:1587,(anonymous_73)
FN:1611,(anonymous_74)
FN:1634,(anonymous_75)
FN:1659,(anonymous_76)
FN:1682,(anonymous_77)
FN:1706,(anonymous_78)
FN:1730,(anonymous_79)
FN:1758,(anonymous_80)
FN:1783,(anonymous_81)
FN:1808,(anonymous_82)
FN:1837,(anonymous_83)
FN:1864,(anonymous_84)
FN:1891,(anonymous_85)
FN:1918,(anonymous_86)
FN:1945,(anonymous_87)
FN:1981,(anonymous_88)
FN:2021,(anonymous_89)
FN:2048,(anonymous_90)
FN:2106,(anonymous_91)
FN:2126,(anonymous_92)
FN:2147,(anonymous_93)
FN:2168,(anonymous_94)
FN:2189,(anonymous_95)
FN:2210,(anonymous_96)
FN:2231,(anonymous_97)
FN:2252,(anonymous_98)
FN:2273,(anonymous_99)
FN:2295,(anonymous_100)
FN:2316,(anonymous_101)
FN:2337,(anonymous_102)
FN:2358,(anonymous_103)
FN:2379,(anonymous_104)
FN:2401,(anonymous_105)
FN:2424,(anonymous_106)
FN:2446,(anonymous_107)
FN:2470,(anonymous_108)
FN:2490,(anonymous_109)
FN:2512,(anonymous_110)
FN:2540,(anonymous_111)
FN:2572,(anonymous_112)
FN:2601,(anonymous_113)
FN:2633,(anonymous_114)
FN:2662,(anonymous_115)
FN:2694,(anonymous_116)
FN:2723,(anonymous_117)
FN:2755,(anonymous_118)
FN:2784,(anonymous_119)
FN:2816,(anonymous_120)
FN:2845,(anonymous_121)
FN:2878,(anonymous_122)
FN:2908,(anonymous_123)
FN:2929,(anonymous_124)
FN:2954,(anonymous_125)
FN:2978,(anonymous_126)
FN:2997,(anonymous_127)
FN:3018,(anonymous_128)
FN:3037,(anonymous_129)
FN:3063,(anonymous_130)
FN:3089,(anonymous_131)
FN:3097,alias
FNF:132
FNH:2
FNDA:1,(anonymous_1)
FNDA:0,(anonymous_2)
FNDA:0,(anonymous_3)
FNDA:0,(anonymous_4)
FNDA:0,(anonymous_5)
FNDA:0,(anonymous_6)
FNDA:0,(anonymous_7)
FNDA:0,(anonymous_8)
FNDA:0,(anonymous_9)
FNDA:0,(anonymous_10)
FNDA:0,(anonymous_11)
FNDA:0,(anonymous_12)
FNDA:0,(anonymous_13)
FNDA:0,(anonymous_14)
FNDA:0,(anonymous_15)
FNDA:0,(anonymous_16)
FNDA:0,(anonymous_17)
FNDA:0,(anonymous_18)
FNDA:0,(anonymous_19)
FNDA:0,(anonymous_20)
FNDA:0,(anonymous_21)
FNDA:0,(anonymous_22)
FNDA:0,(anonymous_23)
FNDA:0,(anonymous_24)
FNDA:0,(anonymous_25)
FNDA:0,(anonymous_26)
FNDA:0,(anonymous_27)
FNDA:0,(anonymous_28)
FNDA:0,(anonymous_29)
FNDA:0,(anonymous_30)
FNDA:0,(anonymous_31)
FNDA:0,(anonymous_32)
FNDA:0,(anonymous_33)
FNDA:0,(anonymous_34)
FNDA:0,(anonymous_35)
FNDA:0,(anonymous_36)
FNDA:0,(anonymous_37)
FNDA:0,(anonymous_38)
FNDA:0,(anonymous_39)
FNDA:0,(anonymous_40)
FNDA:0,(anonymous_41)
FNDA:0,(anonymous_42)
FNDA:0,(anonymous_43)
FNDA:0,(anonymous_44)
FNDA:0,(anonymous_45)
FNDA:0,(anonymous_46)
FNDA:0,(anonymous_47)
FNDA:0,(anonymous_48)
FNDA:0,(anonymous_49)
FNDA:0,(anonymous_50)
FNDA:0,(anonymous_51)
FNDA:0,(anonymous_52)
FNDA:0,(anonymous_53)
FNDA:0,(anonymous_54)
FNDA:0,(anonymous_55)
FNDA:0,(anonymous_56)
FNDA:0,(anonymous_57)
FNDA:0,(anonymous_58)
FNDA:0,(anonymous_59)
FNDA:0,(anonymous_60)
FNDA:0,(anonymous_61)
FNDA:0,(anonymous_62)
FNDA:0,(anonymous_63)
FNDA:0,(anonymous_64)
FNDA:0,(anonymous_65)
FNDA:0,(anonymous_66)
FNDA:0,(anonymous_67)
FNDA:0,(anonymous_68)
FNDA:0,(anonymous_69)
FNDA:0,(anonymous_70)
FNDA:0,(anonymous_71)
FNDA:0,(anonymous_72)
FNDA:0,(anonymous_73)
FNDA:0,(anonymous_74)
FNDA:0,(anonymous_75)
FNDA:0,(anonymous_76)
FNDA:0,(anonymous_77)
FNDA:0,(anonymous_78)
FNDA:0,(anonymous_79)
FNDA:0,(anonymous_80)
FNDA:0,(anonymous_81)
FNDA:0,(anonymous_82)
FNDA:0,(anonymous_83)
FNDA:0,(anonymous_84)
FNDA:0,(anonymous_85)
FNDA:0,(anonymous_86)
FNDA:0,(anonymous_87)
FNDA:0,(anonymous_88)
FNDA:0,(anonymous_89)
FNDA:0,(anonymous_90)
FNDA:0,(anonymous_91)
FNDA:0,(anonymous_92)
FNDA:0,(anonymous_93)
FNDA:0,(anonymous_94)
FNDA:0,(anonymous_95)
FNDA:0,(anonymous_96)
FNDA:0,(anonymous_97)
FNDA:0,(anonymous_98)
FNDA:0,(anonymous_99)
FNDA:0,(anonymous_100)
FNDA:0,(anonymous_101)
FNDA:0,(anonymous_102)
FNDA:0,(anonymous_103)
FNDA:0,(anonymous_104)
FNDA:0,(anonymous_105)
FNDA:0,(anonymous_106)
FNDA:0,(anonymous_107)
FNDA:0,(anonymous_108)
FNDA:0,(anonymous_109)
FNDA:0,(anonymous_110)
FNDA:0,(anonymous_111)
FNDA:0,(anonymous_112)
FNDA:0,(anonymous_113)
FNDA:0,(anonymous_114)
FNDA:0,(anonymous_115)
FNDA:0,(anonymous_116)
FNDA:0,(anonymous_117)
FNDA:0,(anonymous_118)
FNDA:0,(anonymous_119)
FNDA:0,(anonymous_120)
FNDA:0,(anonymous_121)
FNDA:0,(anonymous_122)
FNDA:0,(anonymous_123)
FNDA:0,(anonymous_124)
FNDA:0,(anonymous_125)
FNDA:0,(anonymous_126)
FNDA:0,(anonymous_127)
FNDA:0,(anonymous_128)
FNDA:0,(anonymous_129)
FNDA:0,(anonymous_130)
FNDA:0,(anonymous_131)
FNDA:12,alias
DA:7,1
DA:12,1
DA:34,1
DA:35,0
DA:36,0
DA:65,1
DA:66,0
DA:69,0
DA:70,0
DA:73,0
DA:74,0
DA:97,1
DA:98,0
DA:117,1
DA:118,0
DA:136,1
DA:137,0
DA:139,0
DA:164,1
DA:165,0
DA:167,0
DA:192,1
DA:193,0
DA:211,1
DA:212,0
DA:231,1
DA:232,0
DA:250,1
DA:251,0
DA:269,1
DA:270,0
DA:289,1
DA:290,0
DA:308,1
DA:309,0
DA:328,1
DA:329,0
DA:347,1
DA:348,0
DA:366,1
DA:367,0
DA:385,1
DA:386,0
DA:404,1
DA:405,0
DA:422,1
DA:423,0
DA:441,1
DA:442,0
DA:459,1
DA:460,0
DA:476,1
DA:477,0
DA:496,1
DA:497,0
DA:518,1
DA:519,0
DA:537,1
DA:538,0
DA:556,1
DA:557,0
DA:575,1
DA:576,0
DA:594,1
DA:595,0
DA:614,1
DA:615,0
DA:634,1
DA:635,0
DA:653,1
DA:654,0
DA:672,1
DA:673,0
DA:691,1
DA:692,0
DA:710,1
DA:711,0
DA:729,1
DA:730,0
DA:748,1
DA:749,0
DA:769,1
DA:770,0
DA:791,1
DA:792,0
DA:813,1
DA:814,0
DA:838,1
DA:839,0
DA:858,1
DA:859,0
DA:880,1
DA:881,0
DA:902,1
DA:903,0
DA:938,1
DA:939,0
DA:974,1
DA:975,0
DA:999,1
DA:1000,0
DA:1024,1
DA:1025,0
DA:1049,1
DA:1050,0
DA:1074,1
DA:1075,0
DA:1100,1
DA:1101,0
DA:1126,1
DA:1127,0
DA:1148,1
DA:1149,0
DA:1171,1
DA:1172,0
DA:1192,1
DA:1193,0
DA:1214,1
DA:1215,0
DA:1234,1
DA:1235,0
DA:1253,1
DA:1254,0
DA:1274,1
DA:1275,0
DA:1294,1
DA:1295,0
DA:1317,1
DA:1318,0
DA:1341,1
DA:1342,0
DA:1363,1
DA:1364,0
DA:1387,1
DA:1388,0
DA:1407,1
DA:1408,0
DA:1428,1
DA:1429,0
DA:1450,1
DA:1451,0
DA:1473,1
DA:1474,0
DA:1495,1
DA:1496,0
DA:1520,1
DA:1521,0
DA:1542,1
DA:1543,0
DA:1564,1
DA:1565,0
DA:1587,1
DA:1588,0
DA:1611,1
DA:1612,0
DA:1634,1
DA:1635,0
DA:1659,1
DA:1660,0
DA:1682,1
DA:1683,0
DA:1706,1
DA:1707,0
DA:1730,1
DA:1731,0
DA:1758,1
DA:1759,0
DA:1783,1
DA:1784,0
DA:1808,1
DA:1809,0
DA:1837,1
DA:1838,0
DA:1864,1
DA:1865,0
DA:1891,1
DA:1892,0
DA:1918,1
DA:1919,0
DA:1945,1
DA:1946,0
DA:1981,1
DA:1982,0
DA:1983,0
DA:1984,0
DA:1987,0
DA:1989,0
DA:2021,1
DA:2022,0
DA:2023,0
DA:2024,0
DA:2027,0
DA:2048,1
DA:2049,0
DA:2050,0
DA:2052,0
DA:2053,0
DA:2055,0
DA:2056,0
DA:2058,0
DA:2059,0
DA:2061,0
DA:2062,0
DA:2064,0
DA:2065,0
DA:2067,0
DA:2068,0
DA:2070,0
DA:2071,0
DA:2073,0
DA:2074,0
DA:2076,0
DA:2077,0
DA:2083,0
DA:2084,0
DA:2106,1
DA:2107,0
DA:2126,1
DA:2127,0
DA:2147,1
DA:2148,0
DA:2168,1
DA:2169,0
DA:2189,1
DA:2190,0
DA:2210,1
DA:2211,0
DA:2231,1
DA:2232,0
DA:2252,1
DA:2253,0
DA:2273,1
DA:2274,0
DA:2295,1
DA:2296,0
DA:2316,1
DA:2317,0
DA:2337,1
DA:2338,0
DA:2358,1
DA:2359,0
DA:2379,1
DA:2380,0
DA:2401,1
DA:2402,0
DA:2424,1
DA:2425,0
DA:2446,1
DA:2447,0
DA:2470,1
DA:2471,0
DA:2490,1
DA:2491,0
DA:2512,1
DA:2513,0
DA:2514,0
DA:2515,0
DA:2518,0
DA:2540,1
DA:2541,0
DA:2542,0
DA:2543,0
DA:2544,0
DA:2545,0
DA:2546,0
DA:2547,0
DA:2550,0
DA:2572,1
DA:2573,0
DA:2574,0
DA:2575,0
DA:2578,0
DA:2601,1
DA:2602,0
DA:2603,0
DA:2604,0
DA:2605,0
DA:2606,0
DA:2607,0
DA:2608,0
DA:2611,0
DA:2633,1
DA:2634,0
DA:2635,0
DA:2636,0
DA:2639,0
DA:2662,1
DA:2663,0
DA:2664,0
DA:2665,0
DA:2666,0
DA:2667,0
DA:2668,0
DA:2669,0
DA:2672,0
DA:2694,1
DA:2695,0
DA:2696,0
DA:2697,0
DA:2700,0
DA:2723,1
DA:2724,0
DA:2725,0
DA:2726,0
DA:2727,0
DA:2728,0
DA:2729,0
DA:2730,0
DA:2733,0
DA:2755,1
DA:2756,0
DA:2757,0
DA:2758,0
DA:2761,0
DA:2784,1
DA:2785,0
DA:2786,0
DA:2787,0
DA:2788,0
DA:2789,0
DA:2790,0
DA:2791,0
DA:2794,0
DA:2816,1
DA:2817,0
DA:2818,0
DA:2819,0
DA:2822,0
DA:2845,1
DA:2846,0
DA:2847,0
DA:2848,0
DA:2849,0
DA:2850,0
DA:2851,0
DA:2852,0
DA:2855,0
DA:2878,1
DA:2879,0
DA:2880,0
DA:2881,0
DA:2882,0
DA:2883,0
DA:2884,0
DA:2885,0
DA:2888,0
DA:2908,1
DA:2909,0
DA:2910,0
DA:2929,1
DA:2930,0
DA:2954,1
DA:2955,0
DA:2978,1
DA:2979,0
DA:2997,1
DA:2998,0
DA:3018,1
DA:3019,0
DA:3037,1
DA:3038,0
DA:3063,1
DA:3064,0
DA:3089,1
DA:3090,0
DA:3097,1
DA:3098,12
DA:3099,12
LF:368
LH:135
BRDA:66,1,0,0
BRDA:66,1,1,0
BRDA:73,2,0,0
BRDA:73,2,1,0
BRDA:1982,3,0,0
BRDA:1982,3,1,0
BRDA:1982,4,0,0
BRDA:1982,4,1,0
BRDA:2022,5,0,0
BRDA:2022,5,1,0
BRDA:2022,6,0,0
BRDA:2022,6,1,0
BRDA:2050,7,0,0
BRDA:2050,7,1,0
BRDA:2050,7,2,0
BRDA:2050,7,3,0
BRDA:2050,7,4,0
BRDA:2050,7,5,0
BRDA:2050,7,6,0
BRDA:2050,7,7,0
BRDA:2050,7,8,0
BRDA:2076,8,0,0
BRDA:2076,8,1,0
BRDA:2513,9,0,0
BRDA:2513,9,1,0
BRDA:2513,10,0,0
BRDA:2513,10,1,0
BRDA:2541,11,0,0
BRDA:2541,11,1,0
BRDA:2541,12,0,0
BRDA:2541,12,1,0
BRDA:2545,13,0,0
BRDA:2545,13,1,0
BRDA:2573,14,0,0
BRDA:2573,14,1,0
BRDA:2573,15,0,0
BRDA:2573,15,1,0
BRDA:2602,16,0,0
BRDA:2602,16,1,0
BRDA:2602,17,0,0
BRDA:2602,17,1,0
BRDA:2606,18,0,0
BRDA:2606,18,1,0
BRDA:2634,19,0,0
BRDA:2634,19,1,0
BRDA:2634,20,0,0
BRDA:2634,20,1,0
BRDA:2663,21,0,0
BRDA:2663,21,1,0
BRDA:2663,22,0,0
BRDA:2663,22,1,0
BRDA:2667,23,0,0
BRDA:2667,23,1,0
BRDA:2695,24,0,0
BRDA:2695,24,1,0
BRDA:2695,25,0,0
BRDA:2695,25,1,0
BRDA:2724,26,0,0
BRDA:2724,26,1,0
BRDA:2724,27,0,0
BRDA:2724,27,1,0
BRDA:2728,28,0,0
BRDA:2728,28,1,0
BRDA:2756,29,0,0
BRDA:2756,29,1,0
BRDA:2756,30,0,0
BRDA:2756,30,1,0
BRDA:2785,31,0,0
BRDA:2785,31,1,0
BRDA:2785,32,0,0
BRDA:2785,32,1,0
BRDA:2789,33,0,0
BRDA:2789,33,1,0
BRDA:2817,34,0,0
BRDA:2817,34,1,0
BRDA:2817,35,0,0
BRDA:2817,35,1,0
BRDA:2846,36,0,0
BRDA:2846,36,1,0
BRDA:2846,37,0,0
BRDA:2846,37,1,0
BRDA:2850,38,0,0
BRDA:2850,38,1,0
BRDA:2879,39,0,0
BRDA:2879,39,1,0
BRDA:2879,40,0,0
BRDA:2879,40,1,0
BRDA:2883,41,0,0
BRDA:2883,41,1,0
BRDA:2909,42,0,0
BRDA:2909,42,1,0
BRF:91
BRH:0
end_of_record
